WorkerThreadPool: 32 threads, 9 max low-priority.
Godot Engine v4.5.dev.custom_build.babaa2ce5 (2026-04-22 20:15:48 UTC) - https://godotengine.org
TextServer: Added interface "Dummy"
TextServer: Added interface "ICU / HarfBuzz / Graphite (Built-in)"
JoypadLinux: udev enabled and loaded successfully.
Xshape 1.1 detected.
Xinerama 1.1 detected.
Xrandr 1.6 detected.
Xrender 0.11 detected.
Xinput 2.2 detected.
XInput: Refreshing devices.
XInput: No touch devices found.
Devices:
  #0: NVIDIA NVIDIA GeForce RTX 3060 - Supported, Integrated
  #1: NVIDIA NVIDIA GeForce RTX 3060 - Supported, Integrated
WebGpu v28.0.0 (wgpu) - Forward+ - Using Device #0: NVIDIA - NVIDIA GeForce RTX 3060
ScreenSaver: DBus 1.14.10 detected.
FreeDesktopScreenSaver: Acquired screensaver inhibition cookie: 6944
PortalDesktop: DBus 1.14.10 detected.
AT-SPI2: DBus 1.14.10 detected.
Using "default" pen tablet driver...
Shader 'CanvasSdfShaderRD' (group 0) SHA256: c8621b71f20851b300703e516af19fae6ebfcb5aa03f5054902748b9310013ba
Shader 'SkeletonShaderRD' (group 0) SHA256: 7a5db03798e40aa4c682e6be1d828e474feab6a05dc7b52f95d082383c3434ec
Shader 'SortShaderRD' (group 0) SHA256: f407d082f357b76ef4dc45859dd7767e0da5b2d4b663173032d923f8276c37f0
Shader 'ParticlesShaderRD' (group 0) SHA256: 2b48f4bac2f9e1362f3f5dc6445935b50a929e3f7244fddf109f98a3a91ea615
Shader 'ParticlesCopyShaderRD' (group 0) SHA256: af09f34cac059ed40c6d32820a847e44b39d0a18a5bf9cdb2452e30a7b2e871b
Shader 'CanvasShaderRD' (group 0) SHA256: a4bc794816f658be1529c2571b952e2f70275d2f62e59e0c0e6979c2e77372bf
Shader 'CanvasOcclusionShaderRD' (group 0) SHA256: bf0e077395a38bbef76c688b3515ce56b7a5b8b9956f5fd115a38157300e9e30
Shader 'ClusterRenderShaderRD' (group 0) SHA256: 516c6b5aef8b34c9699c2a681e90fabfbe456d3f9911f85b35833dc9ffa8099c
Shader 'ClusterStoreShaderRD' (group 0) SHA256: 29e92fcc903601339e6125a97ee5825aff4f76c72ff1651cbd00f594a198e860
Shader 'ClusterDebugShaderRD' (group 0) SHA256: 6267c249bb294059a02bab50d1b322317200066042de79b6eb4386ec4c7e4d03
Shader 'SceneForwardClusteredShaderRD' (group 0) SHA256: 03896ff5f34eb50ce8f777e4b36c4152ca72026c763659d7caca75df5e3a03c2
Shader 'SceneForwardClusteredShaderRD' (group 1) SHA256: d400858777bf5c1f2b26a526a4859d97324bf39cabbce3cc92d49a5e8db88bea
Shader 'SceneForwardClusteredShaderRD' (group 2) SHA256: 21e7c94eb6e1d6e82370c1de88b3ec26a4e3b01300a8db5ee43e933d29e9a1d1
Shader 'SceneForwardClusteredShaderRD' (group 3) SHA256: d6f92e569f9715bdad844f52d1ebf9f682765be73d63ce9e1fc5840e312660a6
[WGPU] Unknown decoration Restrict
[WGPU] Unknown decoration Restrict
[WGPU] Unknown decoration Restrict
[WGPU] Unknown decoration Restrict
[WGPU] Unknown decoration Restrict
[WGPU] Unknown decoration Restrict
[WGPU] Unknown decoration Restrict
[WGPU] Unknown decoration Restrict
[WGPU] Unknown decoration Restrict
[WGPU] Unknown decoration Restrict
[WGPU] Unknown decoration Restrict
[WGPU] Unknown decoration Restrict
[WGPU] Unknown decoration Restrict
[WGPU] Unknown decoration Restrict
[WGPU] Unknown decoration Restrict
[WGPU] Unknown decoration Restrict
[WGPU] Unknown decoration Restrict
[WGPU] Unknown decoration Restrict
[WGPU] Unknown decoration Restrict
[WGPU] Unknown decoration Restrict
[WGPU] Unknown decoration Restrict
[WGPU] Unknown decoration Restrict
[WGPU] Unknown decoration Restrict
[WGPU] Unknown decoration Restrict
[WGPU] Unknown decoration Restrict
[WGPU] Unknown decoration Restrict
[WGPU] Unknown decoration Restrict
[WGPU] Unknown decoration Restrict
[WGPU] Unknown decoration Restrict
[WGPU] Unknown decoration Restrict
[WGPU] Unknown decoration Restrict
[WGPU] Unknown decoration Restrict
[WGPU] Unknown decoration Restrict
[WGPU] Unknown decoration Restrict
[WGPU] Unknown decoration Restrict
[WGPU] Unknown decoration Restrict
[WGPU] Unknown decoration Restrict
[WGPU] Unknown decoration Restrict
[WGPU] Unknown decoration Restrict
[WGPU] Unknown decoration Restrict
[WGPU] Unknown decoration Restrict
[WGPU] Unknown decoration Restrict
[WGPU] Unknown decoration Restrict
[WGPU] Unknown decoration Restrict
[WGPU] Unknown decoration Restrict
[WGPU] Unknown decoration Restrict
[WGPU] Unknown decoration Restrict
[WGPU] Unknown decoration Restrict
[WGPU] Unknown decoration Restrict
[WGPU] Unknown decoration Restrict
[WGPU] Unknown decoration Restrict
[WGPU] Unknown decoration Restrict
[WGPU] Unknown decoration Restrict
[WGPU] Unknown decoration Restrict
[WGPU] Unknown decoration Restrict
[WGPU] Unknown decoration Restrict
[WGPU] Unknown decoration Restrict
[WGPU] Unknown decoration Restrict
[WGPU] Unknown decoration Restrict
[WGPU] Unknown decoration Restrict
[WGPU] Unknown decoration Restrict
[WGPU] Unknown decoration Restrict
[WGPU] Unknown decoration Restrict
[WGPU] Unknown decoration Restrict
[WGPU] Unknown decoration Restrict
[WGPU] Unknown decoration Restrict
[WGPU] Unknown decoration Restrict
[WGPU] Unknown decoration Restrict
[WGPU] Unknown decoration Restrict
[WGPU] Unknown decoration Restrict
[WGPU] Unknown decoration Restrict
[WGPU] Unknown decoration Restrict
Shader 'BestFitNormalShaderRD' (group 0) SHA256: 341eb92ff78e74e990237b47ccb6cfff449740d2d66b7615f561e8b0df07417c
Shader 'IntegrateDfgShaderRD' (group 0) SHA256: e93f4274da15e0a600ec58b2e1250ad2d853440a87783bb3650af7be57103a5b
Shader 'ResolveShaderRD' (group 0) SHA256: 7a99c40c1be6181ff40516a9805e65b4a0f25d495eecde34a5d4e95e87416458
[WGPU] Unknown decoration RelaxedPrecision
[WGPU] Unknown decoration RelaxedPrecision
[WGPU] Unknown decoration RelaxedPrecision
[WGPU] Unknown decoration RelaxedPrecision
[WGPU] Unknown decoration RelaxedPrecision
[WGPU] Unknown decoration RelaxedPrecision
[WGPU] Unknown decoration RelaxedPrecision
[WGPU] Unknown decoration RelaxedPrecision
[WGPU] Unknown decoration RelaxedPrecision
[WGPU] Unknown decoration RelaxedPrecision
[WGPU] Unknown decoration Restrict
[WGPU] Unknown decoration Restrict
[WGPU] Unknown decoration RelaxedPrecision
[WGPU] Unknown decoration RelaxedPrecision
[WGPU] Unknown decoration RelaxedPrecision
[WGPU] Unknown decoration RelaxedPrecision
[WGPU] Unknown decoration RelaxedPrecision
[WGPU] Unknown decoration RelaxedPrecision
[WGPU] Unknown decoration RelaxedPrecision
[WGPU] Unknown decoration RelaxedPrecision
[WGPU] Unknown decoration RelaxedPrecision
[WGPU] Unknown decoration RelaxedPrecision
[WGPU] Unknown decoration RelaxedPrecision
[WGPU] Unknown decoration RelaxedPrecision
[WGPU] Unknown decoration RelaxedPrecision
[WGPU] Unknown decoration RelaxedPrecision
[WGPU] Unknown decoration RelaxedPrecision
[WGPU] Unknown decoration RelaxedPrecision
[WGPU] Unknown decoration RelaxedPrecision
[WGPU] Unknown decoration RelaxedPrecision
[WGPU] Unknown decoration RelaxedPrecision
[WGPU] Unknown decoration Restrict
[WGPU] Unknown decoration Restrict
[WGPU] Unknown decoration RelaxedPrecision
[WGPU] Unknown decoration RelaxedPrecision
[WGPU] Unknown decoration RelaxedPrecision
[WGPU] Unknown decoration RelaxedPrecision
[WGPU] Unknown decoration Restrict
[WGPU] Unknown decoration RelaxedPrecision
[WGPU] Unknown decoration RelaxedPrecision
[WGPU] Unknown decoration RelaxedPrecision
[WGPU] Unknown decoration RelaxedPrecision
[WGPU] Unknown decoration RelaxedPrecision
[WGPU] Unknown decoration RelaxedPrecision
[WGPU] Unknown decoration Restrict
[WGPU] Unknown decoration Restrict
[WGPU] Unknown decoration RelaxedPrecision
[WGPU] Unknown decoration RelaxedPrecision
[WGPU] Unknown decoration RelaxedPrecision
[WGPU] Unknown decoration RelaxedPrecision
[WGPU] Unknown decoration RelaxedPrecision
[WGPU] Unknown decoration RelaxedPrecision
[WGPU] Unknown decoration RelaxedPrecision
[WGPU] Unknown decoration Restrict
[WGPU] Unknown decoration Restrict
[WGPU] Unknown decoration Restrict
[WGPU] Unknown decoration RelaxedPrecision
[WGPU] Unknown decoration RelaxedPrecision
[WGPU] Unknown decoration RelaxedPrecision
[WGPU] Unknown decoration RelaxedPrecision
[WGPU] Unknown decoration RelaxedPrecision
[WGPU] Unknown decoration RelaxedPrecision
[WGPU] Unknown decoration RelaxedPrecision
[WGPU] Unknown decoration RelaxedPrecision
[WGPU] Unknown decoration RelaxedPrecision
[WGPU] Unknown decoration RelaxedPrecision
[WGPU] Unknown decoration Restrict
[WGPU] Unknown decoration Restrict
[WGPU] Unknown decoration RelaxedPrecision
[WGPU] Unknown decoration RelaxedPrecision
[WGPU] Unknown decoration RelaxedPrecision
[WGPU] Unknown decoration RelaxedPrecision
[WGPU] Unknown decoration RelaxedPrecision
[WGPU] Unknown decoration RelaxedPrecision
[WGPU] Unknown decoration RelaxedPrecision
[WGPU] Unknown decoration RelaxedPrecision
[WGPU] Unknown decoration RelaxedPrecision
[WGPU] Unknown decoration RelaxedPrecision
[WGPU] Unknown decoration RelaxedPrecision
[WGPU] Unknown decoration RelaxedPrecision
[WGPU] Unknown decoration RelaxedPrecision
[WGPU] Unknown decoration RelaxedPrecision
[WGPU] Unknown decoration RelaxedPrecision
[WGPU] Unknown decoration RelaxedPrecision
[WGPU] Unknown decoration RelaxedPrecision
[WGPU] Unknown decoration RelaxedPrecision
[WGPU] Unknown decoration Restrict
[WGPU] Unknown decoration Restrict
[WGPU] Unknown decoration RelaxedPrecision
[WGPU] Unknown decoration RelaxedPrecision
[WGPU] Unknown decoration RelaxedPrecision
[WGPU] Unknown decoration RelaxedPrecision
[WGPU] Unknown decoration Restrict
[WGPU] Unknown decoration RelaxedPrecision
[WGPU] Unknown decoration RelaxedPrecision
[WGPU] Unknown decoration RelaxedPrecision
[WGPU] Unknown decoration RelaxedPrecision
[WGPU] Unknown decoration RelaxedPrecision
[WGPU] Unknown decoration RelaxedPrecision
[WGPU] Unknown decoration Restrict
[WGPU] Unknown decoration Restrict
[WGPU] Unknown decoration RelaxedPrecision
[WGPU] Unknown decoration RelaxedPrecision
[WGPU] Unknown decoration RelaxedPrecision
[WGPU] Unknown decoration RelaxedPrecision
[WGPU] Unknown decoration RelaxedPrecision
[WGPU] Unknown decoration RelaxedPrecision
[WGPU] Unknown decoration RelaxedPrecision
[WGPU] Unknown decoration Restrict
[WGPU] Unknown decoration Restrict
[WGPU] Unknown decoration Restrict
[WGPU] Unknown decoration RelaxedPrecision
[WGPU] Unknown decoration RelaxedPrecision
[WGPU] Unknown decoration RelaxedPrecision
[WGPU] Unknown decoration RelaxedPrecision
[WGPU] Unknown decoration RelaxedPrecision
[WGPU] Unknown decoration RelaxedPrecision
[WGPU] Unknown decoration RelaxedPrecision
[WGPU] Unknown decoration RelaxedPrecision
[WGPU] Unknown decoration RelaxedPrecision
[WGPU] Unknown decoration RelaxedPrecision
[WGPU] Unknown decoration Restrict
[WGPU] Unknown decoration Restrict
[WGPU] Unknown decoration RelaxedPrecision
[WGPU] Unknown decoration RelaxedPrecision
[WGPU] Unknown decoration RelaxedPrecision
[WGPU] Unknown decoration RelaxedPrecision
[WGPU] Unknown decoration RelaxedPrecision
[WGPU] Unknown decoration RelaxedPrecision
[WGPU] Unknown decoration RelaxedPrecision
[WGPU] Unknown decoration RelaxedPrecision
[WGPU] Unknown decoration RelaxedPrecision
[WGPU] Unknown decoration RelaxedPrecision
[WGPU] Unknown decoration RelaxedPrecision
[WGPU] Unknown decoration RelaxedPrecision
[WGPU] Unknown decoration RelaxedPrecision
[WGPU] Unknown decoration RelaxedPrecision
[WGPU] Unknown decoration RelaxedPrecision
[WGPU] Unknown decoration RelaxedPrecision
[WGPU] Unknown decoration RelaxedPrecision
[WGPU] Unknown decoration RelaxedPrecision
[WGPU] Unknown decoration RelaxedPrecision
[WGPU] Unknown decoration Restrict
[WGPU] Unknown decoration Restrict
[WGPU] Unknown decoration RelaxedPrecision
[WGPU] Unknown decoration RelaxedPrecision
[WGPU] Unknown decoration RelaxedPrecision
[WGPU] Unknown decoration RelaxedPrecision
[WGPU] Unknown decoration Restrict
[WGPU] Unknown decoration RelaxedPrecision
[WGPU] Unknown decoration RelaxedPrecision
[WGPU] Unknown decoration RelaxedPrecision
[WGPU] Unknown decoration RelaxedPrecision
[WGPU] Unknown decoration RelaxedPrecision
[WGPU] Unknown decoration RelaxedPrecision
[WGPU] Unknown decoration Restrict
[WGPU] Unknown decoration Restrict
[WGPU] Unknown decoration RelaxedPrecision
[WGPU] Unknown decoration RelaxedPrecision
[WGPU] Unknown decoration RelaxedPrecision
[WGPU] Unknown decoration RelaxedPrecision
[WGPU] Unknown decoration RelaxedPrecision
[WGPU] Unknown decoration RelaxedPrecision
[WGPU] Unknown decoration RelaxedPrecision
[WGPU] Unknown decoration Restrict
[WGPU] Unknown decoration Restrict
[WGPU] Unknown decoration Restrict
[WGPU] Unknown decoration RelaxedPrecision
[WGPU] Unknown decoration RelaxedPrecision
[WGPU] Unknown decoration RelaxedPrecision
[WGPU] Unknown decoration RelaxedPrecision
[WGPU] Unknown decoration RelaxedPrecision
[WGPU] Unknown decoration RelaxedPrecision
[WGPU] Unknown decoration RelaxedPrecision
[WGPU] Unknown decoration RelaxedPrecision
[WGPU] Unknown decoration RelaxedPrecision
[WGPU] Unknown decoration RelaxedPrecision
[WGPU] Unknown decoration Restrict
[WGPU] Unknown decoration Restrict
[WGPU] Unknown decoration RelaxedPrecision
[WGPU] Unknown decoration RelaxedPrecision
[WGPU] Unknown decoration RelaxedPrecision
[WGPU] Unknown decoration RelaxedPrecision
[WGPU] Unknown decoration RelaxedPrecision
[WGPU] Unknown decoration RelaxedPrecision
[WGPU] Unknown decoration RelaxedPrecision
[WGPU] Unknown decoration RelaxedPrecision
[WGPU] Unknown decoration RelaxedPrecision
[WGPU] Unknown decoration RelaxedPrecision
[WGPU] Unknown decoration RelaxedPrecision
[WGPU] Unknown decoration RelaxedPrecision
[WGPU] Unknown decoration RelaxedPrecision
[WGPU] Unknown decoration RelaxedPrecision
[WGPU] Unknown decoration RelaxedPrecision
[WGPU] Unknown decoration RelaxedPrecision
[WGPU] Unknown decoration RelaxedPrecision
[WGPU] Unknown decoration RelaxedPrecision
[WGPU] Unknown decoration Restrict
[WGPU] Unknown decoration Restrict
[WGPU] Unknown decoration RelaxedPrecision
[WGPU] Unknown decoration RelaxedPrecision
[WGPU] Unknown decoration RelaxedPrecision
[WGPU] Unknown decoration RelaxedPrecision
[WGPU] Unknown decoration Restrict
[WGPU] Unknown decoration RelaxedPrecision
[WGPU] Unknown decoration RelaxedPrecision
[WGPU] Unknown decoration RelaxedPrecision
[WGPU] Unknown decoration RelaxedPrecision
[WGPU] Unknown decoration RelaxedPrecision
[WGPU] Unknown decoration RelaxedPrecision
[WGPU] Unknown decoration Restrict
[WGPU] Unknown decoration Restrict
[WGPU] Unknown decoration RelaxedPrecision
[WGPU] Unknown decoration RelaxedPrecision
[WGPU] Unknown decoration RelaxedPrecision
[WGPU] Unknown decoration RelaxedPrecision
[WGPU] Unknown decoration RelaxedPrecision
[WGPU] Unknown decoration RelaxedPrecision
[WGPU] Unknown decoration RelaxedPrecision
[WGPU] Unknown decoration Restrict
[WGPU] Unknown decoration Restrict
[WGPU] Unknown decoration Restrict
[WGPU] Unknown decoration RelaxedPrecision
[WGPU] Unknown decoration RelaxedPrecision
[WGPU] Unknown decoration RelaxedPrecision
[WGPU] Unknown decoration RelaxedPrecision
[WGPU] Unknown decoration RelaxedPrecision
[WGPU] Unknown decoration RelaxedPrecision
[WGPU] Unknown decoration RelaxedPrecision
[WGPU] Unknown decoration RelaxedPrecision
[WGPU] Unknown decoration RelaxedPrecision
[WGPU] Unknown decoration RelaxedPrecision
[WGPU] Unknown decoration Restrict
[WGPU] Unknown decoration RelaxedPrecision
[WGPU] Unknown decoration RelaxedPrecision
[WGPU] Unknown decoration RelaxedPrecision
[WGPU] Unknown decoration RelaxedPrecision
[WGPU] Unknown decoration RelaxedPrecision
[WGPU] Unknown decoration RelaxedPrecision
[WGPU] Unknown decoration RelaxedPrecision
[WGPU] Unknown decoration RelaxedPrecision
[WGPU] Unknown decoration RelaxedPrecision
[WGPU] Unknown decoration RelaxedPrecision
[WGPU] Unknown decoration RelaxedPrecision
[WGPU] Unknown decoration RelaxedPrecision
[WGPU] Unknown decoration RelaxedPrecision
[WGPU] Unknown decoration RelaxedPrecision
[WGPU] Unknown decoration RelaxedPrecision
[WGPU] Unknown decoration RelaxedPrecision
[WGPU] Unknown decoration RelaxedPrecision
[WGPU] Unknown decoration RelaxedPrecision
[WGPU] Unknown decoration Restrict
[WGPU] Unknown decoration RelaxedPrecision
[WGPU] Unknown decoration Restrict
[WGPU] Unknown decoration RelaxedPrecision
[WGPU] Unknown decoration RelaxedPrecision
[WGPU] Unknown decoration RelaxedPrecision
[WGPU] Unknown decoration RelaxedPrecision
[WGPU] Unknown decoration RelaxedPrecision
[WGPU] Unknown decoration RelaxedPrecision
[WGPU] Unknown decoration RelaxedPrecision
[WGPU] Unknown decoration RelaxedPrecision
[WGPU] Unknown decoration Restrict
[WGPU] Unknown decoration RelaxedPrecision
[WGPU] Unknown decoration RelaxedPrecision
[WGPU] Unknown decoration RelaxedPrecision
[WGPU] Unknown decoration RelaxedPrecision
[WGPU] Unknown decoration RelaxedPrecision
[WGPU] Unknown decoration RelaxedPrecision
[WGPU] Unknown decoration RelaxedPrecision
[WGPU] Unknown decoration RelaxedPrecision
[WGPU] Unknown decoration RelaxedPrecision
[WGPU] Unknown decoration Restrict
[WGPU] Unknown decoration Restrict
[WGPU] Unknown decoration RelaxedPrecision
[WGPU] Unknown decoration RelaxedPrecision
[WGPU] Unknown decoration RelaxedPrecision
[WGPU] Unknown decoration RelaxedPrecision
[WGPU] Unknown decoration RelaxedPrecision
[WGPU] Unknown decoration RelaxedPrecision
[WGPU] Unknown decoration RelaxedPrecision
[WGPU] Unknown decoration Restrict
[WGPU] Unknown decoration Restrict
[WGPU] Unknown decoration Restrict
[WGPU] Unknown decoration Restrict
[WGPU] Unknown decoration RelaxedPrecision
[WGPU] Unknown decoration RelaxedPrecision
[WGPU] Unknown decoration RelaxedPrecision
[WGPU] Unknown decoration RelaxedPrecision
[WGPU] Unknown decoration RelaxedPrecision
[WGPU] Unknown decoration RelaxedPrecision
[WGPU] Unknown decoration RelaxedPrecision
[WGPU] Unknown decoration Restrict
[WGPU] Unknown decoration RelaxedPrecision
[WGPU] Unknown decoration Restrict
[WGPU] Unknown decoration RelaxedPrecision
[WGPU] Unknown decoration RelaxedPrecision
[WGPU] Unknown decoration RelaxedPrecision
[WGPU] Unknown decoration RelaxedPrecision
[WGPU] Unknown decoration Restrict
[WGPU] Unknown decoration Restrict
[WGPU] Unknown decoration RelaxedPrecision
[WGPU] Unknown decoration RelaxedPrecision
[WGPU] Unknown decoration RelaxedPrecision
[WGPU] Unknown decoration RelaxedPrecision
[WGPU] Unknown decoration RelaxedPrecision
[WGPU] Unknown decoration RelaxedPrecision
[WGPU] Unknown decoration RelaxedPrecision
[WGPU] Unknown decoration RelaxedPrecision
[WGPU] Unknown decoration RelaxedPrecision
[WGPU] Unknown decoration RelaxedPrecision
[WGPU] Unknown decoration RelaxedPrecision
[WGPU] Unknown decoration RelaxedPrecision
[WGPU] Unknown decoration RelaxedPrecision
[WGPU] Unknown decoration RelaxedPrecision
[WGPU] Unknown decoration RelaxedPrecision
[WGPU] Unknown decoration RelaxedPrecision
[WGPU] Unknown decoration RelaxedPrecision
[WGPU] Unknown decoration RelaxedPrecision
[WGPU] Unknown decoration RelaxedPrecision
[WGPU] Unknown decoration RelaxedPrecision
[WGPU] Unknown decoration RelaxedPrecision
[WGPU] Unknown decoration RelaxedPrecision
[WGPU] Unknown decoration RelaxedPrecision
[WGPU] Unknown decoration RelaxedPrecision
[WGPU] Unknown decoration RelaxedPrecision
[WGPU] Unknown decoration RelaxedPrecision
[WGPU] Unknown decoration RelaxedPrecision
[WGPU] Unknown decoration RelaxedPrecision
[WGPU] Unknown decoration RelaxedPrecision
[WGPU] Unknown decoration RelaxedPrecision
[WGPU] Unknown decoration RelaxedPrecision
[WGPU] Unknown decoration RelaxedPrecision
[WGPU] Unknown decoration RelaxedPrecision
[WGPU] Unknown decoration RelaxedPrecision
[WGPU] Unknown decoration RelaxedPrecision
[WGPU] Unknown decoration RelaxedPrecision
[WGPU] Unknown decoration Restrict
[WGPU] Unknown decoration RelaxedPrecision
[WGPU] Unknown decoration Restrict
[WGPU] Unknown decoration Restrict
[WGPU] Unknown decoration Restrict
[WGPU] Unknown decoration RelaxedPrecision
[WGPU] Unknown decoration RelaxedPrecision
[WGPU] Unknown decoration RelaxedPrecision
[WGPU] Unknown decoration RelaxedPrecision
[WGPU] Unknown decoration RelaxedPrecision
[WGPU] Unknown decoration RelaxedPrecision
[WGPU] Unknown decoration RelaxedPrecision
[WGPU] Unknown decoration RelaxedPrecision
[WGPU] Unknown decoration Restrict
[WGPU] Unknown decoration RelaxedPrecision
[WGPU] Unknown decoration Restrict
[WGPU] Unknown decoration RelaxedPrecision
[WGPU] Unknown decoration RelaxedPrecision
[WGPU] Unknown decoration RelaxedPrecision
[WGPU] Unknown decoration RelaxedPrecision
[WGPU] Unknown decoration RelaxedPrecision
[WGPU] Unknown decoration RelaxedPrecision
[WGPU] Unknown decoration RelaxedPrecision
[WGPU] Unknown decoration RelaxedPrecision
[WGPU] Unknown decoration RelaxedPrecision
[WGPU] Unknown decoration RelaxedPrecision
[WGPU] Unknown decoration Restrict
[WGPU] Unknown decoration RelaxedPrecision
[WGPU] Unknown decoration Restrict
[WGPU] Unknown decoration RelaxedPrecision
[WGPU] Unknown decoration RelaxedPrecision
[WGPU] Unknown decoration RelaxedPrecision
[WGPU] Unknown decoration Restrict
[WGPU] Unknown decoration RelaxedPrecision
[WGPU] Unknown decoration RelaxedPrecision
[WGPU] Unknown decoration Restrict
[WGPU] Unknown decoration RelaxedPrecision
[WGPU] Unknown decoration RelaxedPrecision
[WGPU] Unknown decoration RelaxedPrecision
[WGPU] Unknown decoration Restrict
[WGPU] Unknown decoration RelaxedPrecision
[WGPU] Unknown decoration Restrict
[WGPU] Unknown decoration RelaxedPrecision
[WGPU] Unknown decoration RelaxedPrecision
[WGPU] Unknown decoration RelaxedPrecision
[WGPU] Unknown decoration RelaxedPrecision
[WGPU] Unknown decoration Restrict
[WGPU] Unknown decoration RelaxedPrecision
[WGPU] Unknown decoration Restrict
[WGPU] Unknown decoration Restrict
[WGPU] Unknown decoration RelaxedPrecision
[WGPU] Unknown decoration Restrict
[WGPU] Unknown decoration RelaxedPrecision
[WGPU] Unknown decoration RelaxedPrecision
[WGPU] Unknown decoration RelaxedPrecision
[WGPU] Unknown decoration RelaxedPrecision
[WGPU] Unknown decoration RelaxedPrecision
[WGPU] Unknown decoration RelaxedPrecision
[WGPU] Unknown decoration RelaxedPrecision
[WGPU] Unknown decoration RelaxedPrecision
[WGPU] Unknown decoration RelaxedPrecision
[WGPU] Unknown decoration Restrict
[WGPU] Unknown decoration Restrict
[WGPU] Unknown decoration RelaxedPrecision
[WGPU] Unknown decoration RelaxedPrecision
[WGPU] Unknown decoration RelaxedPrecision
[WGPU] Unknown decoration RelaxedPrecision
[WGPU] Unknown decoration RelaxedPrecision
[WGPU] Unknown decoration RelaxedPrecision
[WGPU] Unknown decoration RelaxedPrecision
[WGPU] Unknown decoration RelaxedPrecision
[WGPU] Unknown decoration RelaxedPrecision
[WGPU] Unknown decoration RelaxedPrecision
[WGPU] Unknown decoration RelaxedPrecision
[WGPU] Unknown decoration RelaxedPrecision
[WGPU] Unknown decoration RelaxedPrecision
[WGPU] Unknown decoration RelaxedPrecision
[WGPU] Unknown decoration RelaxedPrecision
[WGPU] Unknown decoration RelaxedPrecision
[WGPU] Unknown decoration RelaxedPrecision
[WGPU] Unknown decoration RelaxedPrecision
[WGPU] Unknown decoration Restrict
[WGPU] Unknown decoration Restrict
[WGPU] Unknown decoration RelaxedPrecision
[WGPU] Unknown decoration RelaxedPrecision
[WGPU] Unknown decoration RelaxedPrecision
[WGPU] Unknown decoration RelaxedPrecision
[WGPU] Unknown decoration Restrict
[WGPU] Unknown decoration RelaxedPrecision
[WGPU] Unknown decoration RelaxedPrecision
[WGPU] Unknown decoration RelaxedPrecision
[WGPU] Unknown decoration RelaxedPrecision
[WGPU] Unknown decoration RelaxedPrecision
[WGPU] Unknown decoration RelaxedPrecision
[WGPU] Unknown decoration RelaxedPrecision
[WGPU] Unknown decoration RelaxedPrecision
[WGPU] Unknown decoration RelaxedPrecision
[WGPU] Unknown decoration RelaxedPrecision
[WGPU] Unknown decoration RelaxedPrecision
[WGPU] Unknown decoration Restrict
[WGPU] Unknown decoration RelaxedPrecision
[WGPU] Unknown decoration RelaxedPrecision
[WGPU] Unknown decoration Restrict
[WGPU] Unknown decoration RelaxedPrecision
[WGPU] Unknown decoration RelaxedPrecision
[WGPU] Unknown decoration RelaxedPrecision
[WGPU] Unknown decoration RelaxedPrecision
[WGPU] Unknown decoration RelaxedPrecision
[WGPU] Unknown decoration RelaxedPrecision
[WGPU] Unknown decoration RelaxedPrecision
[WGPU] Unknown decoration Restrict
[WGPU] Unknown decoration RelaxedPrecision
[WGPU] Unknown decoration RelaxedPrecision
[WGPU] Unknown decoration RelaxedPrecision
[WGPU] Unknown decoration Restrict
[WGPU] Unknown decoration Restrict
[WGPU] Unknown decoration Restrict
[WGPU] Unknown decoration RelaxedPrecision
[WGPU] Unknown decoration RelaxedPrecision
[WGPU] Unknown decoration RelaxedPrecision
[WGPU] Unknown decoration RelaxedPrecision
[WGPU] Unknown decoration RelaxedPrecision
[WGPU] Unknown decoration RelaxedPrecision
[WGPU] Unknown decoration RelaxedPrecision
[WGPU] Unknown decoration RelaxedPrecision
[WGPU] Unknown decoration RelaxedPrecision
[WGPU] Unknown decoration RelaxedPrecision
[WGPU] Unknown decoration RelaxedPrecision
[WGPU] Unknown decoration RelaxedPrecision
[WGPU] Unknown decoration RelaxedPrecision
[WGPU] Unknown decoration RelaxedPrecision
[WGPU] Unknown decoration RelaxedPrecision
[WGPU] Unknown decoration Restrict
[WGPU] Unknown decoration RelaxedPrecision
[WGPU] Unknown decoration RelaxedPrecision
[WGPU] Unknown decoration RelaxedPrecision
[WGPU] Unknown decoration RelaxedPrecision
[WGPU] Unknown decoration RelaxedPrecision
[WGPU] Unknown decoration RelaxedPrecision
[WGPU] Unknown decoration RelaxedPrecision
[WGPU] Unknown decoration RelaxedPrecision
[WGPU] Unknown decoration RelaxedPrecision
[WGPU] Unknown decoration RelaxedPrecision
[WGPU] Unknown decoration RelaxedPrecision
[WGPU] Unknown decoration RelaxedPrecision
[WGPU] Unknown decoration RelaxedPrecision
[WGPU] Unknown decoration RelaxedPrecision
[WGPU] Unknown decoration RelaxedPrecision
[WGPU] Unknown decoration RelaxedPrecision
[WGPU] Unknown decoration RelaxedPrecision
[WGPU] Unknown decoration RelaxedPrecision
[WGPU] Unknown decoration RelaxedPrecision
[WGPU] Unknown decoration RelaxedPrecision
[WGPU] Unknown decoration RelaxedPrecision
[WGPU] Unknown decoration RelaxedPrecision
[WGPU] Unknown decoration RelaxedPrecision
[WGPU] Unknown decoration RelaxedPrecision
[WGPU] Unknown decoration RelaxedPrecision
[WGPU] Unknown decoration RelaxedPrecision
[WGPU] Unknown decoration RelaxedPrecision
[WGPU] Unknown decoration RelaxedPrecision
[WGPU] Unknown decoration RelaxedPrecision
[WGPU] Unknown decoration RelaxedPrecision
[WGPU] Unknown decoration RelaxedPrecision
[WGPU] Unknown decoration Restrict
[WGPU] Unknown decoration Restrict
[WGPU] Unknown decoration Restrict
[WGPU] Unknown decoration Restrict
[WGPU] Unknown decoration RelaxedPrecision
[WGPU] Unknown decoration RelaxedPrecision
[WGPU] Unknown decoration RelaxedPrecision
[WGPU] Unknown decoration RelaxedPrecision
[WGPU] Unknown decoration RelaxedPrecision
[WGPU] Unknown decoration RelaxedPrecision
[WGPU] Unknown decoration RelaxedPrecision
[WGPU] Unknown decoration RelaxedPrecision
[WGPU] Unknown decoration Restrict
[WGPU] Unknown decoration RelaxedPrecision
[WGPU] Unknown decoration Restrict
[WGPU] Unknown decoration RelaxedPrecision
[WGPU] Unknown decoration RelaxedPrecision
[WGPU] Unknown decoration RelaxedPrecision
[WGPU] Unknown decoration RelaxedPrecision
[WGPU] Unknown decoration RelaxedPrecision
[WGPU] Unknown decoration RelaxedPrecision
[WGPU] Unknown decoration RelaxedPrecision
[WGPU] Unknown decoration RelaxedPrecision
[WGPU] Unknown decoration RelaxedPrecision
[WGPU] Unknown decoration RelaxedPrecision
[WGPU] Unknown decoration Restrict
[WGPU] Unknown decoration RelaxedPrecision
[WGPU] Unknown decoration Restrict
[WGPU] Unknown decoration RelaxedPrecision
[WGPU] Unknown decoration RelaxedPrecision
[WGPU] Unknown decoration RelaxedPrecision
[WGPU] Unknown decoration Restrict
[WGPU] Unknown decoration RelaxedPrecision
[WGPU] Unknown decoration RelaxedPrecision
[WGPU] Unknown decoration Restrict
[WGPU] Unknown decoration RelaxedPrecision
[WGPU] Unknown decoration RelaxedPrecision
[WGPU] Unknown decoration RelaxedPrecision
[WGPU] Unknown decoration Restrict
[WGPU] Unknown decoration Restrict
[WGPU] Unknown decoration RelaxedPrecision
[WGPU] Unknown decoration RelaxedPrecision
[WGPU] Unknown decoration RelaxedPrecision
[WGPU] Unknown decoration RelaxedPrecision
[WGPU] Unknown decoration Restrict
[WGPU] Unknown decoration RelaxedPrecision
[WGPU] Unknown decoration RelaxedPrecision
[WGPU] Unknown decoration Restrict
[WGPU] Unknown decoration Restrict
[WGPU] Unknown decoration Restrict
[WGPU] Unknown decoration Restrict
[WGPU] Unknown decoration Restrict
Shader 'TaaResolveShaderRD' (group 0) SHA256: e0066999c3caa32a4d0bedffa5872ef1014166940d42a815fcb58ee82c88ceb8
[WGPU] Unknown decoration RelaxedPrecision
[WGPU] Unknown decoration RelaxedPrecision
[WGPU] Unknown decoration RelaxedPrecision
[WGPU] Unknown decoration RelaxedPrecision
[WGPU] Unknown decoration RelaxedPrecision
[WGPU] Unknown decoration RelaxedPrecision
[WGPU] Unknown decoration RelaxedPrecision
[WGPU] Unknown decoration RelaxedPrecision
[WGPU] Unknown decoration RelaxedPrecision
[WGPU] Unknown decoration RelaxedPrecision
[WGPU] Unknown decoration Restrict
[WGPU] Unknown decoration RelaxedPrecision
[WGPU] Unknown decoration RelaxedPrecision
[WGPU] Unknown decoration RelaxedPrecision
[WGPU] Unknown decoration RelaxedPrecision
[WGPU] Unknown decoration RelaxedPrecision
[WGPU] Unknown decoration RelaxedPrecision
[WGPU] Unknown decoration RelaxedPrecision
[WGPU] Unknown decoration RelaxedPrecision
[WGPU] Unknown decoration RelaxedPrecision
[WGPU] Unknown decoration RelaxedPrecision
[WGPU] Unknown decoration RelaxedPrecision
[WGPU] Unknown decoration RelaxedPrecision
[WGPU] Unknown decoration RelaxedPrecision
[WGPU] Unknown decoration RelaxedPrecision
[WGPU] Unknown decoration RelaxedPrecision
[WGPU] Unknown decoration RelaxedPrecision
[WGPU] Unknown decoration RelaxedPrecision
[WGPU] Unknown decoration RelaxedPrecision
[WGPU] Unknown decoration Restrict
[WGPU] Unknown decoration Restrict
[WGPU] Unknown decoration RelaxedPrecision
[WGPU] Unknown decoration RelaxedPrecision
[WGPU] Unknown decoration RelaxedPrecision
[WGPU] Unknown decoration RelaxedPrecision
[WGPU] Unknown decoration Restrict
[WGPU] Unknown decoration RelaxedPrecision
[WGPU] Unknown decoration RelaxedPrecision
[WGPU] Unknown decoration RelaxedPrecision
[WGPU] Unknown decoration RelaxedPrecision
[WGPU] Unknown decoration RelaxedPrecision
[WGPU] Unknown decoration RelaxedPrecision
[WGPU] Unknown decoration Restrict
[WGPU] Unknown decoration Restrict
[WGPU] Unknown decoration RelaxedPrecision
[WGPU] Unknown decoration RelaxedPrecision
[WGPU] Unknown decoration RelaxedPrecision
[WGPU] Unknown decoration RelaxedPrecision
[WGPU] Unknown decoration RelaxedPrecision
[WGPU] Unknown decoration RelaxedPrecision
[WGPU] Unknown decoration RelaxedPrecision
[WGPU] Unknown decoration Restrict
[WGPU] Unknown decoration Restrict
[WGPU] Unknown decoration Restrict
[WGPU] Unknown decoration Restrict
[WGPU] Unknown decoration RelaxedPrecision
[WGPU] Unknown decoration RelaxedPrecision
[WGPU] Unknown decoration RelaxedPrecision
[WGPU] Unknown decoration RelaxedPrecision
[WGPU] Unknown decoration RelaxedPrecision
[WGPU] Unknown decoration RelaxedPrecision
[WGPU] Unknown decoration RelaxedPrecision
[WGPU] Unknown decoration RelaxedPrecision
[WGPU] Unknown decoration RelaxedPrecision
[WGPU] Unknown decoration RelaxedPrecision
[WGPU] Unknown decoration Restrict
[WGPU] Unknown decoration RelaxedPrecision
[WGPU] Unknown decoration RelaxedPrecision
[WGPU] Unknown decoration RelaxedPrecision
[WGPU] Unknown decoration RelaxedPrecision
[WGPU] Unknown decoration RelaxedPrecision
[WGPU] Unknown decoration RelaxedPrecision
[WGPU] Unknown decoration RelaxedPrecision
[WGPU] Unknown decoration RelaxedPrecision
[WGPU] Unknown decoration RelaxedPrecision
[WGPU] Unknown decoration RelaxedPrecision
[WGPU] Unknown decoration RelaxedPrecision
[WGPU] Unknown decoration RelaxedPrecision
[WGPU] Unknown decoration RelaxedPrecision
[WGPU] Unknown decoration RelaxedPrecision
[WGPU] Unknown decoration RelaxedPrecision
[WGPU] Unknown decoration RelaxedPrecision
[WGPU] Unknown decoration RelaxedPrecision
[WGPU] Unknown decoration RelaxedPrecision
[WGPU] Unknown decoration RelaxedPrecision
[WGPU] Unknown decoration RelaxedPrecision
[WGPU] Unknown decoration RelaxedPrecision
[WGPU] Unknown decoration RelaxedPrecision
[WGPU] Unknown decoration RelaxedPrecision
[WGPU] Unknown decoration RelaxedPrecision
[WGPU] Unknown decoration RelaxedPrecision
[WGPU] Unknown decoration RelaxedPrecision
[WGPU] Unknown decoration Restrict
[WGPU] Unknown decoration RelaxedPrecision
[WGPU] Unknown decoration Restrict
[WGPU] Unknown decoration RelaxedPrecision
[WGPU] Unknown decoration Restrict
[WGPU] Unknown decoration Restrict
[WGPU] Unknown decoration RelaxedPrecision
[WGPU] Unknown decoration RelaxedPrecision
[WGPU] Unknown decoration RelaxedPrecision
[WGPU] Unknown decoration RelaxedPrecision
[WGPU] Unknown decoration RelaxedPrecision
[WGPU] Unknown decoration RelaxedPrecision
[WGPU] Unknown decoration RelaxedPrecision
[WGPU] Unknown decoration RelaxedPrecision
[WGPU] Unknown decoration RelaxedPrecision
[WGPU] Unknown decoration RelaxedPrecision
[WGPU] Unknown decoration Restrict
[WGPU] Unknown decoration RelaxedPrecision
[WGPU] Unknown decoration RelaxedPrecision
[WGPU] Unknown decoration RelaxedPrecision
[WGPU] Unknown decoration RelaxedPrecision
[WGPU] Unknown decoration RelaxedPrecision
[WGPU] Unknown decoration RelaxedPrecision
[WGPU] Unknown decoration RelaxedPrecision
[WGPU] Unknown decoration RelaxedPrecision
[WGPU] Unknown decoration RelaxedPrecision
[WGPU] Unknown decoration RelaxedPrecision
[WGPU] Unknown decoration RelaxedPrecision
[WGPU] Unknown decoration RelaxedPrecision
[WGPU] Unknown decoration RelaxedPrecision
[WGPU] Unknown decoration RelaxedPrecision
[WGPU] Unknown decoration RelaxedPrecision
[WGPU] Unknown decoration RelaxedPrecision
[WGPU] Unknown decoration RelaxedPrecision
[WGPU] Unknown decoration RelaxedPrecision
[WGPU] Unknown decoration RelaxedPrecision
[WGPU] Unknown decoration RelaxedPrecision
[WGPU] Unknown decoration RelaxedPrecision
[WGPU] Unknown decoration RelaxedPrecision
[WGPU] Unknown decoration RelaxedPrecision
[WGPU] Unknown decoration RelaxedPrecision
[WGPU] Unknown decoration RelaxedPrecision
[WGPU] Unknown decoration Restrict
[WGPU] Unknown decoration RelaxedPrecision
[WGPU] Unknown decoration Restrict
[WGPU] Unknown decoration Restrict
[WGPU] Unknown decoration RelaxedPrecision
[WGPU] Unknown decoration RelaxedPrecision
[WGPU] Unknown decoration RelaxedPrecision
[WGPU] Unknown decoration RelaxedPrecision
[WGPU] Unknown decoration RelaxedPrecision
[WGPU] Unknown decoration RelaxedPrecision
[WGPU] Unknown decoration RelaxedPrecision
[WGPU] Unknown decoration Restrict
[WGPU] Unknown decoration RelaxedPrecision
[WGPU] Unknown decoration RelaxedPrecision
[WGPU] Unknown decoration RelaxedPrecision
[WGPU] Unknown decoration Restrict
[WGPU] Unknown decoration RelaxedPrecision
[WGPU] Unknown decoration RelaxedPrecision
[WGPU] Unknown decoration RelaxedPrecision
[WGPU] Unknown decoration RelaxedPrecision
[WGPU] Unknown decoration RelaxedPrecision
[WGPU] Unknown decoration RelaxedPrecision
[WGPU] Unknown decoration RelaxedPrecision
[WGPU] Unknown decoration RelaxedPrecision
[WGPU] Unknown decoration Restrict
[WGPU] Unknown decoration RelaxedPrecision
[WGPU] Unknown decoration RelaxedPrecision
[WGPU] Unknown decoration Restrict
[WGPU] Unknown decoration RelaxedPrecision
[WGPU] Unknown decoration Restrict
[WGPU] Unknown decoration RelaxedPrecision
[WGPU] Unknown decoration RelaxedPrecision
[WGPU] Unknown decoration RelaxedPrecision
[WGPU] Unknown decoration RelaxedPrecision
[WGPU] Unknown decoration RelaxedPrecision
[WGPU] Unknown decoration Restrict
[WGPU] Unknown decoration RelaxedPrecision
[WGPU] Unknown decoration RelaxedPrecision
[WGPU] Unknown decoration RelaxedPrecision
[WGPU] Unknown decoration RelaxedPrecision
[WGPU] Unknown decoration RelaxedPrecision
[WGPU] Unknown decoration RelaxedPrecision
[WGPU] Unknown decoration Restrict
[WGPU] Unknown decoration RelaxedPrecision
[WGPU] Unknown decoration RelaxedPrecision
[WGPU] Unknown decoration RelaxedPrecision
[WGPU] Unknown decoration Restrict
[WGPU] Unknown decoration RelaxedPrecision
[WGPU] Unknown decoration Restrict
[WGPU] Unknown decoration RelaxedPrecision
[WGPU] Unknown decoration RelaxedPrecision
[WGPU] Unknown decoration Restrict
[WGPU] Unknown decoration RelaxedPrecision
[WGPU] Unknown decoration Restrict
[WGPU] Unknown decoration RelaxedPrecision
[WGPU] Unknown decoration RelaxedPrecision
[WGPU] Unknown decoration RelaxedPrecision
[WGPU] Unknown decoration RelaxedPrecision
[WGPU] Unknown decoration RelaxedPrecision
[WGPU] Unknown decoration RelaxedPrecision
[WGPU] Unknown decoration RelaxedPrecision
[WGPU] Unknown decoration RelaxedPrecision
[WGPU] Unknown decoration RelaxedPrecision
[WGPU] Unknown decoration Restrict
[WGPU] Unknown decoration Restrict
[WGPU] Unknown decoration Restrict
[WGPU] Unknown decoration RelaxedPrecision
[WGPU] Unknown decoration RelaxedPrecision
[WGPU] Unknown decoration RelaxedPrecision
[WGPU] Unknown decoration RelaxedPrecision
[WGPU] Unknown decoration Restrict
[WGPU] Unknown decoration RelaxedPrecision
[WGPU] Unknown decoration RelaxedPrecision
[WGPU] Unknown decoration Restrict
[WGPU] Unknown decoration Restrict
[WGPU] Unknown decoration RelaxedPrecision
[WGPU] Unknown decoration RelaxedPrecision
[WGPU] Unknown decoration RelaxedPrecision
[WGPU] Unknown decoration RelaxedPrecision
[WGPU] Unknown decoration RelaxedPrecision
[WGPU] Unknown decoration RelaxedPrecision
[WGPU] Unknown decoration RelaxedPrecision
[WGPU] Unknown decoration RelaxedPrecision
[WGPU] Unknown decoration RelaxedPrecision
[WGPU] Unknown decoration RelaxedPrecision
[WGPU] Unknown decoration RelaxedPrecision
[WGPU] Unknown decoration RelaxedPrecision
[WGPU] Unknown decoration RelaxedPrecision
[WGPU] Unknown decoration RelaxedPrecision
[WGPU] Unknown decoration Restrict
[WGPU] Unknown decoration RelaxedPrecision
[WGPU] Unknown decoration Restrict
[WGPU] Unknown decoration RelaxedPrecision
[WGPU] Unknown decoration RelaxedPrecision
[WGPU] Unknown decoration Restrict
[WGPU] Unknown decoration Restrict
[WGPU] Unknown decoration Restrict
[WGPU] Unknown decoration Restrict
[WGPU] Unknown decoration RelaxedPrecision
[WGPU] Unknown decoration RelaxedPrecision
[WGPU] Unknown decoration RelaxedPrecision
[WGPU] Unknown decoration RelaxedPrecision
[WGPU] Unknown decoration RelaxedPrecision
[WGPU] Unknown decoration RelaxedPrecision
[WGPU] Unknown decoration RelaxedPrecision
[WGPU] Unknown decoration RelaxedPrecision
[WGPU] Unknown decoration RelaxedPrecision
[WGPU] Unknown decoration RelaxedPrecision
[WGPU] Unknown decoration RelaxedPrecision
[WGPU] Unknown decoration RelaxedPrecision
[WGPU] Unknown decoration RelaxedPrecision
[WGPU] Unknown decoration RelaxedPrecision
[WGPU] Unknown decoration RelaxedPrecision
[WGPU] Unknown decoration RelaxedPrecision
[WGPU] Unknown decoration RelaxedPrecision
[WGPU] Unknown decoration RelaxedPrecision
[WGPU] Unknown decoration Restrict
[WGPU] Unknown decoration Restrict
[WGPU] Unknown decoration RelaxedPrecision
[WGPU] Unknown decoration RelaxedPrecision
[WGPU] Unknown decoration RelaxedPrecision
[WGPU] Unknown decoration RelaxedPrecision
[WGPU] Unknown decoration Restrict
[WGPU] Unknown decoration RelaxedPrecision
[WGPU] Unknown decoration RelaxedPrecision
[WGPU] Unknown decoration RelaxedPrecision
[WGPU] Unknown decoration RelaxedPrecision
[WGPU] Unknown decoration RelaxedPrecision
[WGPU] Unknown decoration RelaxedPrecision
[WGPU] Unknown decoration Restrict
[WGPU] Unknown decoration Restrict
[WGPU] Unknown decoration RelaxedPrecision
[WGPU] Unknown decoration RelaxedPrecision
[WGPU] Unknown decoration RelaxedPrecision
[WGPU] Unknown decoration RelaxedPrecision
[WGPU] Unknown decoration RelaxedPrecision
[WGPU] Unknown decoration RelaxedPrecision
[WGPU] Unknown decoration RelaxedPrecision
[WGPU] Unknown decoration Restrict
[WGPU] Unknown decoration Restrict
[WGPU] Unknown decoration Restrict
[WGPU] Unknown decoration RelaxedPrecision
[WGPU] Unknown decoration RelaxedPrecision
[WGPU] Unknown decoration RelaxedPrecision
[WGPU] Unknown decoration RelaxedPrecision
[WGPU] Unknown decoration RelaxedPrecision
[WGPU] Unknown decoration RelaxedPrecision
[WGPU] Unknown decoration RelaxedPrecision
[WGPU] Unknown decoration RelaxedPrecision
[WGPU] Unknown decoration RelaxedPrecision
[WGPU] Unknown decoration RelaxedPrecision
[WGPU] Unknown decoration Restrict
[WGPU] Unknown decoration RelaxedPrecision
[WGPU] Unknown decoration RelaxedPrecision
[WGPU] Unknown decoration RelaxedPrecision
[WGPU] Unknown decoration RelaxedPrecision
[WGPU] Unknown decoration RelaxedPrecision
[WGPU] Unknown decoration RelaxedPrecision
[WGPU] Unknown decoration RelaxedPrecision
[WGPU] Unknown decoration RelaxedPrecision
[WGPU] Unknown decoration RelaxedPrecision
[WGPU] Unknown decoration RelaxedPrecision
[WGPU] Unknown decoration RelaxedPrecision
[WGPU] Unknown decoration RelaxedPrecision
[WGPU] Unknown decoration RelaxedPrecision
[WGPU] Unknown decoration RelaxedPrecision
[WGPU] Unknown decoration RelaxedPrecision
[WGPU] Unknown decoration RelaxedPrecision
[WGPU] Unknown decoration RelaxedPrecision
[WGPU] Unknown decoration RelaxedPrecision
[WGPU] Unknown decoration RelaxedPrecision
[WGPU] Unknown decoration RelaxedPrecision
[WGPU] Unknown decoration Restrict
[WGPU] Unknown decoration Restrict
[WGPU] Unknown decoration RelaxedPrecision
[WGPU] Unknown decoration RelaxedPrecision
[WGPU] Unknown decoration RelaxedPrecision
[WGPU] Unknown decoration RelaxedPrecision
[WGPU] Unknown decoration Restrict
[WGPU] Unknown decoration RelaxedPrecision
[WGPU] Unknown decoration RelaxedPrecision
[WGPU] Unknown decoration RelaxedPrecision
[WGPU] Unknown decoration RelaxedPrecision
[WGPU] Unknown decoration RelaxedPrecision
[WGPU] Unknown decoration RelaxedPrecision
[WGPU] Unknown decoration Restrict
[WGPU] Unknown decoration Restrict
[WGPU] Unknown decoration RelaxedPrecision
[WGPU] Unknown decoration RelaxedPrecision
[WGPU] Unknown decoration RelaxedPrecision
[WGPU] Unknown decoration RelaxedPrecision
[WGPU] Unknown decoration RelaxedPrecision
[WGPU] Unknown decoration RelaxedPrecision
[WGPU] Unknown decoration RelaxedPrecision
[WGPU] Unknown decoration Restrict
[WGPU] Unknown decoration Restrict
[WGPU] Unknown decoration Restrict
[WGPU] Unknown decoration Restrict
[WGPU] Unknown decoration RelaxedPrecision
[WGPU] Unknown decoration RelaxedPrecision
[WGPU] Unknown decoration RelaxedPrecision
[WGPU] Unknown decoration RelaxedPrecision
[WGPU] Unknown decoration RelaxedPrecision
[WGPU] Unknown decoration RelaxedPrecision
[WGPU] Unknown decoration RelaxedPrecision
[WGPU] Unknown decoration RelaxedPrecision
[WGPU] Unknown decoration RelaxedPrecision
[WGPU] Unknown decoration RelaxedPrecision
[WGPU] Unknown decoration Restrict
[WGPU] Unknown decoration Restrict
[WGPU] Unknown decoration RelaxedPrecision
[WGPU] Unknown decoration RelaxedPrecision
[WGPU] Unknown decoration RelaxedPrecision
[WGPU] Unknown decoration RelaxedPrecision
[WGPU] Unknown decoration RelaxedPrecision
[WGPU] Unknown decoration RelaxedPrecision
[WGPU] Unknown decoration RelaxedPrecision
[WGPU] Unknown decoration RelaxedPrecision
[WGPU] Unknown decoration RelaxedPrecision
[WGPU] Unknown decoration RelaxedPrecision
[WGPU] Unknown decoration RelaxedPrecision
[WGPU] Unknown decoration RelaxedPrecision
[WGPU] Unknown decoration RelaxedPrecision
[WGPU] Unknown decoration RelaxedPrecision
[WGPU] Unknown decoration RelaxedPrecision
[WGPU] Unknown decoration RelaxedPrecision
[WGPU] Unknown decoration RelaxedPrecision
[WGPU] Unknown decoration RelaxedPrecision
[WGPU] Unknown decoration RelaxedPrecision
[WGPU] Unknown decoration RelaxedPrecision
[WGPU] Unknown decoration RelaxedPrecision
[WGPU] Unknown decoration RelaxedPrecision
[WGPU] Unknown decoration RelaxedPrecision
[WGPU] Unknown decoration RelaxedPrecision
[WGPU] Unknown decoration Restrict
[WGPU] Unknown decoration RelaxedPrecision
[WGPU] Unknown decoration Restrict
[WGPU] Unknown decoration RelaxedPrecision
[WGPU] Unknown decoration RelaxedPrecision
[WGPU] Unknown decoration RelaxedPrecision
[WGPU] Unknown decoration RelaxedPrecision
[WGPU] Unknown decoration RelaxedPrecision
[WGPU] Unknown decoration RelaxedPrecision
[WGPU] Unknown decoration RelaxedPrecision
[WGPU] Unknown decoration Restrict
[WGPU] Unknown decoration Restrict
[WGPU] Unknown decoration RelaxedPrecision
[WGPU] Unknown decoration Restrict
[WGPU] Unknown decoration RelaxedPrecision
[WGPU] Unknown decoration RelaxedPrecision
[WGPU] Unknown decoration RelaxedPrecision
[WGPU] Unknown decoration RelaxedPrecision
[WGPU] Unknown decoration RelaxedPrecision
[WGPU] Unknown decoration Restrict
[WGPU] Unknown decoration Restrict
[WGPU] Unknown decoration RelaxedPrecision
[WGPU] Unknown decoration RelaxedPrecision
[WGPU] Unknown decoration RelaxedPrecision
[WGPU] Unknown decoration RelaxedPrecision
[WGPU] Unknown decoration RelaxedPrecision
[WGPU] Unknown decoration RelaxedPrecision
[WGPU] Unknown decoration RelaxedPrecision
[WGPU] Unknown decoration RelaxedPrecision
[WGPU] Unknown decoration RelaxedPrecision
[WGPU] Unknown decoration RelaxedPrecision
[WGPU] Unknown decoration RelaxedPrecision
[WGPU] Unknown decoration RelaxedPrecision
[WGPU] Unknown decoration RelaxedPrecision
[WGPU] Unknown decoration RelaxedPrecision
[WGPU] Unknown decoration Restrict
[WGPU] Unknown decoration RelaxedPrecision
[WGPU] Unknown decoration Restrict
[WGPU] Unknown decoration RelaxedPrecision
[WGPU] Unknown decoration RelaxedPrecision
[WGPU] Unknown decoration RelaxedPrecision
[WGPU] Unknown decoration Restrict
[WGPU] Unknown decoration RelaxedPrecision
[WGPU] Unknown decoration RelaxedPrecision
[WGPU] Unknown decoration RelaxedPrecision
[WGPU] Unknown decoration RelaxedPrecision
[WGPU] Unknown decoration RelaxedPrecision
[WGPU] Unknown decoration RelaxedPrecision
[WGPU] Unknown decoration RelaxedPrecision
[WGPU] Unknown decoration Restrict
[WGPU] Unknown decoration Restrict
[WGPU] Unknown decoration RelaxedPrecision
[WGPU] Unknown decoration RelaxedPrecision
[WGPU] Unknown decoration RelaxedPrecision
[WGPU] Unknown decoration RelaxedPrecision
[WGPU] Unknown decoration Restrict
[WGPU] Unknown decoration RelaxedPrecision
[WGPU] Unknown decoration RelaxedPrecision
[WGPU] Unknown decoration RelaxedPrecision
[WGPU] Unknown decoration RelaxedPrecision
[WGPU] Unknown decoration RelaxedPrecision
[WGPU] Unknown decoration RelaxedPrecision
[WGPU] Unknown decoration Restrict
[WGPU] Unknown decoration RelaxedPrecision
[WGPU] Unknown decoration Restrict
[WGPU] Unknown decoration RelaxedPrecision
[WGPU] Unknown decoration RelaxedPrecision
[WGPU] Unknown decoration RelaxedPrecision
[WGPU] Unknown decoration RelaxedPrecision
[WGPU] Unknown decoration RelaxedPrecision
[WGPU] Unknown decoration RelaxedPrecision
[WGPU] Unknown decoration RelaxedPrecision
[WGPU] Unknown decoration RelaxedPrecision
[WGPU] Unknown decoration RelaxedPrecision
[WGPU] Unknown decoration RelaxedPrecision
[WGPU] Unknown decoration RelaxedPrecision
[WGPU] Unknown decoration RelaxedPrecision
[WGPU] Unknown decoration RelaxedPrecision
[WGPU] Unknown decoration RelaxedPrecision
[WGPU] Unknown decoration RelaxedPrecision
[WGPU] Unknown decoration RelaxedPrecision
[WGPU] Unknown decoration Restrict
[WGPU] Unknown decoration Restrict
[WGPU] Unknown decoration Restrict
[WGPU] Unknown decoration Restrict
[WGPU] Unknown decoration RelaxedPrecision
[WGPU] Unknown decoration Restrict
[WGPU] Unknown decoration RelaxedPrecision
[WGPU] Unknown decoration RelaxedPrecision
[WGPU] Unknown decoration RelaxedPrecision
[WGPU] Unknown decoration RelaxedPrecision
[WGPU] Unknown decoration RelaxedPrecision
[WGPU] Unknown decoration RelaxedPrecision
[WGPU] Unknown decoration RelaxedPrecision
[WGPU] Unknown decoration RelaxedPrecision
[WGPU] Unknown decoration RelaxedPrecision
[WGPU] Unknown decoration RelaxedPrecision
[WGPU] Unknown decoration RelaxedPrecision
[WGPU] Unknown decoration RelaxedPrecision
[WGPU] Unknown decoration RelaxedPrecision
[WGPU] Unknown decoration RelaxedPrecision
[WGPU] Unknown decoration RelaxedPrecision
[WGPU] Unknown decoration RelaxedPrecision
[WGPU] Unknown decoration RelaxedPrecision
[WGPU] Unknown decoration RelaxedPrecision
[WGPU] Unknown decoration Restrict
[WGPU] Unknown decoration Restrict
[WGPU] Unknown decoration RelaxedPrecision
[WGPU] Unknown decoration RelaxedPrecision
[WGPU] Unknown decoration RelaxedPrecision
[WGPU] Unknown decoration RelaxedPrecision
[WGPU] Unknown decoration Restrict
[WGPU] Unknown decoration RelaxedPrecision
[WGPU] Unknown decoration RelaxedPrecision
[WGPU] Unknown decoration RelaxedPrecision
[WGPU] Unknown decoration RelaxedPrecision
[WGPU] Unknown decoration RelaxedPrecision
[WGPU] Unknown decoration RelaxedPrecision
[WGPU] Unknown decoration Restrict
[WGPU] Unknown decoration Restrict
[WGPU] Unknown decoration RelaxedPrecision
[WGPU] Unknown decoration RelaxedPrecision
[WGPU] Unknown decoration RelaxedPrecision
[WGPU] Unknown decoration RelaxedPrecision
[WGPU] Unknown decoration RelaxedPrecision
[WGPU] Unknown decoration RelaxedPrecision
[WGPU] Unknown decoration RelaxedPrecision
[WGPU] Unknown decoration Restrict
[WGPU] Unknown decoration Restrict
[WGPU] Unknown decoration Restrict
[WGPU] Unknown decoration RelaxedPrecision
[WGPU] Unknown decoration RelaxedPrecision
[WGPU] Unknown decoration RelaxedPrecision
[WGPU] Unknown decoration RelaxedPrecision
[WGPU] Unknown decoration RelaxedPrecision
[WGPU] Unknown decoration RelaxedPrecision
[WGPU] Unknown decoration RelaxedPrecision
[WGPU] Unknown decoration RelaxedPrecision
[WGPU] Unknown decoration RelaxedPrecision
[WGPU] Unknown decoration RelaxedPrecision
[WGPU] Unknown decoration RelaxedPrecision
[WGPU] Unknown decoration RelaxedPrecision
[WGPU] Unknown decoration RelaxedPrecision
[WGPU] Unknown decoration RelaxedPrecision
[WGPU] Unknown decoration RelaxedPrecision
[WGPU] Unknown decoration RelaxedPrecision
[WGPU] Unknown decoration RelaxedPrecision
[WGPU] Unknown decoration Restrict
[WGPU] Unknown decoration RelaxedPrecision
[WGPU] Unknown decoration RelaxedPrecision
[WGPU] Unknown decoration Restrict
[WGPU] Unknown decoration RelaxedPrecision
[WGPU] Unknown decoration RelaxedPrecision
[WGPU] Unknown decoration Restrict
[WGPU] Unknown decoration RelaxedPrecision
[WGPU] Unknown decoration RelaxedPrecision
[WGPU] Unknown decoration Restrict
[WGPU] Unknown decoration RelaxedPrecision
[WGPU] Unknown decoration RelaxedPrecision
[WGPU] Unknown decoration RelaxedPrecision
[WGPU] Unknown decoration RelaxedPrecision
[WGPU] Unknown decoration Restrict
[WGPU] Unknown decoration RelaxedPrecision
[WGPU] Unknown decoration RelaxedPrecision
[WGPU] Unknown decoration RelaxedPrecision
[WGPU] Unknown decoration RelaxedPrecision
[WGPU] Unknown decoration RelaxedPrecision
[WGPU] Unknown decoration RelaxedPrecision
[WGPU] Unknown decoration RelaxedPrecision
[WGPU] Unknown decoration RelaxedPrecision
[WGPU] Unknown decoration RelaxedPrecision
[WGPU] Unknown decoration RelaxedPrecision
[WGPU] Unknown decoration RelaxedPrecision
[WGPU] Unknown decoration RelaxedPrecision
[WGPU] Unknown decoration RelaxedPrecision
[WGPU] Unknown decoration RelaxedPrecision
[WGPU] Unknown decoration RelaxedPrecision
[WGPU] Unknown decoration RelaxedPrecision
[WGPU] Unknown decoration RelaxedPrecision
[WGPU] Unknown decoration RelaxedPrecision
[WGPU] Unknown decoration RelaxedPrecision
[WGPU] Unknown decoration RelaxedPrecision
[WGPU] Unknown decoration RelaxedPrecision
[WGPU] Unknown decoration RelaxedPrecision
[WGPU] Unknown decoration RelaxedPrecision
[WGPU] Unknown decoration RelaxedPrecision
[WGPU] Unknown decoration RelaxedPrecision
[WGPU] Unknown decoration RelaxedPrecision
[WGPU] Unknown decoration RelaxedPrecision
[WGPU] Unknown decoration RelaxedPrecision
[WGPU] Unknown decoration RelaxedPrecision
[WGPU] Unknown decoration RelaxedPrecision
[WGPU] Unknown decoration RelaxedPrecision
[WGPU] Unknown decoration RelaxedPrecision
[WGPU] Unknown decoration RelaxedPrecision
[WGPU] Unknown decoration RelaxedPrecision
[WGPU] Unknown decoration RelaxedPrecision
[WGPU] Unknown decoration RelaxedPrecision
[WGPU] Unknown decoration RelaxedPrecision
[WGPU] Unknown decoration RelaxedPrecision
[WGPU] Unknown decoration RelaxedPrecision
[WGPU] Unknown decoration RelaxedPrecision
[WGPU] Unknown decoration RelaxedPrecision
[WGPU] Unknown decoration RelaxedPrecision
[WGPU] Unknown decoration RelaxedPrecision
[WGPU] Unknown decoration Restrict
[WGPU] Unknown decoration RelaxedPrecision
[WGPU] Unknown decoration RelaxedPrecision
[WGPU] Unknown decoration RelaxedPrecision
[WGPU] Unknown decoration RelaxedPrecision
[WGPU] Unknown decoration Restrict
[WGPU] Unknown decoration RelaxedPrecision
[WGPU] Unknown decoration RelaxedPrecision
[WGPU] Unknown decoration RelaxedPrecision
[WGPU] Unknown decoration RelaxedPrecision
[WGPU] Unknown decoration RelaxedPrecision
[WGPU] Unknown decoration RelaxedPrecision
[WGPU] Unknown decoration RelaxedPrecision
[WGPU] Unknown decoration Restrict
[WGPU] Unknown decoration RelaxedPrecision
[WGPU] Unknown decoration Restrict
[WGPU] Unknown decoration Restrict
[WGPU] Unknown decoration RelaxedPrecision
[WGPU] Unknown decoration RelaxedPrecision
[WGPU] Unknown decoration RelaxedPrecision
[WGPU] Unknown decoration RelaxedPrecision
[WGPU] Unknown decoration RelaxedPrecision
[WGPU] Unknown decoration RelaxedPrecision
[WGPU] Unknown decoration RelaxedPrecision
[WGPU] Unknown decoration RelaxedPrecision
[WGPU] Unknown decoration RelaxedPrecision
[WGPU] Unknown decoration RelaxedPrecision
[WGPU] Unknown decoration RelaxedPrecision
[WGPU] Unknown decoration RelaxedPrecision
[WGPU] Unknown decoration RelaxedPrecision
[WGPU] Unknown decoration RelaxedPrecision
[WGPU] Unknown decoration RelaxedPrecision
[WGPU] Unknown decoration RelaxedPrecision
[WGPU] Unknown decoration RelaxedPrecision
[WGPU] Unknown decoration RelaxedPrecision
[WGPU] Unknown decoration RelaxedPrecision
[WGPU] Unknown decoration RelaxedPrecision
[WGPU] Unknown decoration RelaxedPrecision
[WGPU] Unknown decoration Restrict
[WGPU] Unknown decoration Restrict
[WGPU] Unknown decoration Restrict
[WGPU] Unknown decoration RelaxedPrecision
[WGPU] Unknown decoration Restrict
[WGPU] Unknown decoration RelaxedPrecision
[WGPU] Unknown decoration RelaxedPrecision
[WGPU] Unknown decoration Restrict
[WGPU] Unknown decoration RelaxedPrecision
[WGPU] Unknown decoration RelaxedPrecision
[WGPU] Unknown decoration RelaxedPrecision
[WGPU] Unknown decoration RelaxedPrecision
[WGPU] Unknown decoration RelaxedPrecision
[WGPU] Unknown decoration RelaxedPrecision
[WGPU] Unknown decoration RelaxedPrecision
[WGPU] Unknown decoration RelaxedPrecision
[WGPU] Unknown decoration RelaxedPrecision
[WGPU] Unknown decoration Restrict
[WGPU] Unknown decoration RelaxedPrecision
[WGPU] Unknown decoration RelaxedPrecision
[WGPU] Unknown decoration RelaxedPrecision
[WGPU] Unknown decoration RelaxedPrecision
[WGPU] Unknown decoration RelaxedPrecision
[WGPU] Unknown decoration RelaxedPrecision
[WGPU] Unknown decoration RelaxedPrecision
[WGPU] Unknown decoration RelaxedPrecision
[WGPU] Unknown decoration RelaxedPrecision
[WGPU] Unknown decoration RelaxedPrecision
[WGPU] Unknown decoration RelaxedPrecision
[WGPU] Unknown decoration RelaxedPrecision
[WGPU] Unknown decoration RelaxedPrecision
[WGPU] Unknown decoration RelaxedPrecision
[WGPU] Unknown decoration RelaxedPrecision
[WGPU] Unknown decoration RelaxedPrecision
[WGPU] Unknown decoration RelaxedPrecision
[WGPU] Unknown decoration Restrict
[WGPU] Unknown decoration RelaxedPrecision
[WGPU] Unknown decoration Restrict
[WGPU] Unknown decoration RelaxedPrecision
[WGPU] Unknown decoration Restrict
[WGPU] Unknown decoration RelaxedPrecision
[WGPU] Unknown decoration RelaxedPrecision
[WGPU] Unknown decoration RelaxedPrecision
[WGPU] Unknown decoration RelaxedPrecision
[WGPU] Unknown decoration Restrict
[WGPU] Unknown decoration RelaxedPrecision
[WGPU] Unknown decoration Restrict
[WGPU] Unknown decoration Restrict
[WGPU] Unknown decoration RelaxedPrecision
[WGPU] Unknown decoration RelaxedPrecision
[WGPU] Unknown decoration RelaxedPrecision
[WGPU] Unknown decoration RelaxedPrecision
[WGPU] Unknown decoration RelaxedPrecision
[WGPU] Unknown decoration Restrict
[WGPU] Unknown decoration RelaxedPrecision
[WGPU] Unknown decoration RelaxedPrecision
[WGPU] Unknown decoration RelaxedPrecision
[WGPU] Unknown decoration RelaxedPrecision
[WGPU] Unknown decoration RelaxedPrecision
[WGPU] Unknown decoration RelaxedPrecision
[WGPU] Unknown decoration RelaxedPrecision
[WGPU] Unknown decoration Restrict
[WGPU] Unknown decoration Restrict
[WGPU] Unknown decoration RelaxedPrecision
[WGPU] Unknown decoration RelaxedPrecision
[WGPU] Unknown decoration RelaxedPrecision
[WGPU] Unknown decoration RelaxedPrecision
[WGPU] Unknown decoration Restrict
[WGPU] Unknown decoration RelaxedPrecision
[WGPU] Unknown decoration RelaxedPrecision
[WGPU] Unknown decoration RelaxedPrecision
[WGPU] Unknown decoration RelaxedPrecision
[WGPU] Unknown decoration RelaxedPrecision
[WGPU] Unknown decoration RelaxedPrecision
[WGPU] Unknown decoration Restrict
[WGPU] Unknown decoration Restrict
[WGPU] Unknown decoration Restrict
[WGPU] Unknown decoration Restrict
[WGPU] Unknown decoration RelaxedPrecision
[WGPU] Unknown decoration RelaxedPrecision
[WGPU] Unknown decoration RelaxedPrecision
[WGPU] Unknown decoration RelaxedPrecision
[WGPU] Unknown decoration RelaxedPrecision
[WGPU] Unknown decoration RelaxedPrecision
[WGPU] Unknown decoration RelaxedPrecision
[WGPU] Unknown decoration RelaxedPrecision
[WGPU] Unknown decoration RelaxedPrecision
[WGPU] Unknown decoration RelaxedPrecision
[WGPU] Unknown decoration Restrict
[WGPU] Unknown decoration Restrict
[WGPU] Unknown decoration RelaxedPrecision
[WGPU] Unknown decoration RelaxedPrecision
[WGPU] Unknown decoration RelaxedPrecision
[WGPU] Unknown decoration RelaxedPrecision
[WGPU] Unknown decoration RelaxedPrecision
[WGPU] Unknown decoration RelaxedPrecision
[WGPU] Unknown decoration RelaxedPrecision
[WGPU] Unknown decoration RelaxedPrecision
[WGPU] Unknown decoration RelaxedPrecision
[WGPU] Unknown decoration RelaxedPrecision
[WGPU] Unknown decoration RelaxedPrecision
[WGPU] Unknown decoration RelaxedPrecision
[WGPU] Unknown decoration RelaxedPrecision
[WGPU] Unknown decoration RelaxedPrecision
[WGPU] Unknown decoration RelaxedPrecision
[WGPU] Unknown decoration RelaxedPrecision
[WGPU] Unknown decoration RelaxedPrecision
[WGPU] Unknown decoration RelaxedPrecision
[WGPU] Unknown decoration Restrict
[WGPU] Unknown decoration Restrict
[WGPU] Unknown decoration RelaxedPrecision
[WGPU] Unknown decoration RelaxedPrecision
[WGPU] Unknown decoration RelaxedPrecision
[WGPU] Unknown decoration RelaxedPrecision
[WGPU] Unknown decoration Restrict
[WGPU] Unknown decoration RelaxedPrecision
[WGPU] Unknown decoration RelaxedPrecision
[WGPU] Unknown decoration RelaxedPrecision
[WGPU] Unknown decoration RelaxedPrecision
[WGPU] Unknown decoration RelaxedPrecision
[WGPU] Unknown decoration RelaxedPrecision
[WGPU] Unknown decoration Restrict
[WGPU] Unknown decoration Restrict
[WGPU] Unknown decoration RelaxedPrecision
[WGPU] Unknown decoration RelaxedPrecision
[WGPU] Unknown decoration RelaxedPrecision
[WGPU] Unknown decoration RelaxedPrecision
[WGPU] Unknown decoration RelaxedPrecision
[WGPU] Unknown decoration RelaxedPrecision
[WGPU] Unknown decoration RelaxedPrecision
[WGPU] Unknown decoration Restrict
[WGPU] Unknown decoration Restrict
[WGPU] Unknown decoration Restrict
[WGPU] Unknown decoration RelaxedPrecision
[WGPU] Unknown decoration RelaxedPrecision
[WGPU] Unknown decoration RelaxedPrecision
[WGPU] Unknown decoration RelaxedPrecision
[WGPU] Unknown decoration RelaxedPrecision
[WGPU] Unknown decoration RelaxedPrecision
[WGPU] Unknown decoration RelaxedPrecision
[WGPU] Unknown decoration RelaxedPrecision
[WGPU] Unknown decoration RelaxedPrecision
[WGPU] Unknown decoration RelaxedPrecision
[WGPU] Unknown decoration Restrict
[WGPU] Unknown decoration RelaxedPrecision
[WGPU] Unknown decoration RelaxedPrecision
[WGPU] Unknown decoration RelaxedPrecision
[WGPU] Unknown decoration RelaxedPrecision
[WGPU] Unknown decoration RelaxedPrecision
[WGPU] Unknown decoration RelaxedPrecision
[WGPU] Unknown decoration RelaxedPrecision
[WGPU] Unknown decoration RelaxedPrecision
[WGPU] Unknown decoration RelaxedPrecision
[WGPU] Unknown decoration RelaxedPrecision
[WGPU] Unknown decoration RelaxedPrecision
[WGPU] Unknown decoration RelaxedPrecision
[WGPU] Unknown decoration RelaxedPrecision
[WGPU] Unknown decoration RelaxedPrecision
[WGPU] Unknown decoration RelaxedPrecision
[WGPU] Unknown decoration RelaxedPrecision
[WGPU] Unknown decoration RelaxedPrecision
[WGPU] Unknown decoration RelaxedPrecision
[WGPU] Unknown decoration RelaxedPrecision
[WGPU] Unknown decoration RelaxedPrecision
[WGPU] Unknown decoration Restrict
[WGPU] Unknown decoration Restrict
[WGPU] Unknown decoration RelaxedPrecision
[WGPU] Unknown decoration RelaxedPrecision
[WGPU] Unknown decoration RelaxedPrecision
[WGPU] Unknown decoration RelaxedPrecision
[WGPU] Unknown decoration Restrict
[WGPU] Unknown decoration RelaxedPrecision
[WGPU] Unknown decoration RelaxedPrecision
[WGPU] Unknown decoration RelaxedPrecision
[WGPU] Unknown decoration RelaxedPrecision
[WGPU] Unknown decoration RelaxedPrecision
[WGPU] Unknown decoration RelaxedPrecision
[WGPU] Unknown decoration Restrict
[WGPU] Unknown decoration Restrict
[WGPU] Unknown decoration RelaxedPrecision
[WGPU] Unknown decoration RelaxedPrecision
[WGPU] Unknown decoration RelaxedPrecision
[WGPU] Unknown decoration RelaxedPrecision
[WGPU] Unknown decoration RelaxedPrecision
[WGPU] Unknown decoration RelaxedPrecision
[WGPU] Unknown decoration RelaxedPrecision
[WGPU] Unknown decoration Restrict
[WGPU] Unknown decoration Restrict
[WGPU] Unknown decoration Restrict
[WGPU] Unknown decoration Restrict
[WGPU] Unknown decoration RelaxedPrecision
[WGPU] Unknown decoration RelaxedPrecision
[WGPU] Unknown decoration RelaxedPrecision
[WGPU] Unknown decoration RelaxedPrecision
[WGPU] Unknown decoration RelaxedPrecision
[WGPU] Unknown decoration RelaxedPrecision
[WGPU] Unknown decoration RelaxedPrecision
[WGPU] Unknown decoration RelaxedPrecision
[WGPU] Unknown decoration RelaxedPrecision
[WGPU] Unknown decoration RelaxedPrecision
[WGPU] Unknown decoration Restrict
[WGPU] Unknown decoration RelaxedPrecision
[WGPU] Unknown decoration RelaxedPrecision
[WGPU] Unknown decoration RelaxedPrecision
[WGPU] Unknown decoration RelaxedPrecision
[WGPU] Unknown decoration RelaxedPrecision
[WGPU] Unknown decoration RelaxedPrecision
[WGPU] Unknown decoration RelaxedPrecision
[WGPU] Unknown decoration RelaxedPrecision
[WGPU] Unknown decoration RelaxedPrecision
[WGPU] Unknown decoration RelaxedPrecision
[WGPU] Unknown decoration RelaxedPrecision
[WGPU] Unknown decoration RelaxedPrecision
[WGPU] Unknown decoration RelaxedPrecision
[WGPU] Unknown decoration RelaxedPrecision
[WGPU] Unknown decoration RelaxedPrecision
[WGPU] Unknown decoration RelaxedPrecision
[WGPU] Unknown decoration RelaxedPrecision
[WGPU] Unknown decoration RelaxedPrecision
[WGPU] Unknown decoration Restrict
[WGPU] Unknown decoration Restrict
[WGPU] Unknown decoration RelaxedPrecision
[WGPU] Unknown decoration RelaxedPrecision
[WGPU] Unknown decoration RelaxedPrecision
[WGPU] Unknown decoration RelaxedPrecision
[WGPU] Unknown decoration Restrict
[WGPU] Unknown decoration RelaxedPrecision
[WGPU] Unknown decoration RelaxedPrecision
[WGPU] Unknown decoration RelaxedPrecision
[WGPU] Unknown decoration RelaxedPrecision
[WGPU] Unknown decoration RelaxedPrecision
[WGPU] Unknown decoration RelaxedPrecision
[WGPU] Unknown decoration Restrict
[WGPU] Unknown decoration Restrict
[WGPU] Unknown decoration RelaxedPrecision
[WGPU] Unknown decoration RelaxedPrecision
[WGPU] Unknown decoration RelaxedPrecision
[WGPU] Unknown decoration RelaxedPrecision
[WGPU] Unknown decoration RelaxedPrecision
[WGPU] Unknown decoration RelaxedPrecision
[WGPU] Unknown decoration RelaxedPrecision
[WGPU] Unknown decoration Restrict
[WGPU] Unknown decoration Restrict
[WGPU] Unknown decoration Restrict
[WGPU] Unknown decoration Restrict
[WGPU] Unknown decoration RelaxedPrecision
[WGPU] Unknown decoration RelaxedPrecision
[WGPU] Unknown decoration RelaxedPrecision
[WGPU] Unknown decoration RelaxedPrecision
[WGPU] Unknown decoration RelaxedPrecision
[WGPU] Unknown decoration RelaxedPrecision
[WGPU] Unknown decoration RelaxedPrecision
[WGPU] Unknown decoration RelaxedPrecision
[WGPU] Unknown decoration RelaxedPrecision
[WGPU] Unknown decoration RelaxedPrecision
[WGPU] Unknown decoration Restrict
[WGPU] Unknown decoration RelaxedPrecision
[WGPU] Unknown decoration RelaxedPrecision
[WGPU] Unknown decoration RelaxedPrecision
[WGPU] Unknown decoration RelaxedPrecision
[WGPU] Unknown decoration RelaxedPrecision
[WGPU] Unknown decoration RelaxedPrecision
[WGPU] Unknown decoration RelaxedPrecision
[WGPU] Unknown decoration RelaxedPrecision
[WGPU] Unknown decoration RelaxedPrecision
[WGPU] Unknown decoration RelaxedPrecision
[WGPU] Unknown decoration RelaxedPrecision
[WGPU] Unknown decoration RelaxedPrecision
[WGPU] Unknown decoration RelaxedPrecision
[WGPU] Unknown decoration RelaxedPrecision
[WGPU] Unknown decoration RelaxedPrecision
[WGPU] Unknown decoration RelaxedPrecision
[WGPU] Unknown decoration RelaxedPrecision
[WGPU] Unknown decoration RelaxedPrecision
[WGPU] Unknown decoration Restrict
[WGPU] Unknown decoration Restrict
[WGPU] Unknown decoration RelaxedPrecision
[WGPU] Unknown decoration RelaxedPrecision
[WGPU] Unknown decoration RelaxedPrecision
[WGPU] Unknown decoration RelaxedPrecision
[WGPU] Unknown decoration Restrict
[WGPU] Unknown decoration RelaxedPrecision
[WGPU] Unknown decoration RelaxedPrecision
[WGPU] Unknown decoration RelaxedPrecision
[WGPU] Unknown decoration RelaxedPrecision
[WGPU] Unknown decoration RelaxedPrecision
[WGPU] Unknown decoration RelaxedPrecision
[WGPU] Unknown decoration Restrict
[WGPU] Unknown decoration Restrict
[WGPU] Unknown decoration RelaxedPrecision
[WGPU] Unknown decoration RelaxedPrecision
[WGPU] Unknown decoration RelaxedPrecision
[WGPU] Unknown decoration RelaxedPrecision
[WGPU] Unknown decoration RelaxedPrecision
[WGPU] Unknown decoration RelaxedPrecision
[WGPU] Unknown decoration RelaxedPrecision
[WGPU] Unknown decoration Restrict
[WGPU] Unknown decoration Restrict
[WGPU] Unknown decoration Restrict
[WGPU] Unknown decoration Restrict
[WGPU] Unknown decoration RelaxedPrecision
[WGPU] Unknown decoration RelaxedPrecision
[WGPU] Unknown decoration RelaxedPrecision
[WGPU] Unknown decoration RelaxedPrecision
[WGPU] Unknown decoration RelaxedPrecision
[WGPU] Unknown decoration RelaxedPrecision
[WGPU] Unknown decoration RelaxedPrecision
[WGPU] Unknown decoration RelaxedPrecision
[WGPU] Unknown decoration RelaxedPrecision
[WGPU] Unknown decoration RelaxedPrecision
[WGPU] Unknown decoration Restrict
[WGPU] Unknown decoration RelaxedPrecision
[WGPU] Unknown decoration RelaxedPrecision
[WGPU] Unknown decoration RelaxedPrecision
[WGPU] Unknown decoration RelaxedPrecision
[WGPU] Unknown decoration RelaxedPrecision
[WGPU] Unknown decoration RelaxedPrecision
[WGPU] Unknown decoration RelaxedPrecision
[WGPU] Unknown decoration RelaxedPrecision
[WGPU] Unknown decoration RelaxedPrecision
[WGPU] Unknown decoration RelaxedPrecision
[WGPU] Unknown decoration RelaxedPrecision
[WGPU] Unknown decoration RelaxedPrecision
[WGPU] Unknown decoration RelaxedPrecision
[WGPU] Unknown decoration RelaxedPrecision
[WGPU] Unknown decoration RelaxedPrecision
[WGPU] Unknown decoration RelaxedPrecision
[WGPU] Unknown decoration RelaxedPrecision
[WGPU] Unknown decoration RelaxedPrecision
[WGPU] Unknown decoration RelaxedPrecision
[WGPU] Unknown decoration RelaxedPrecision
[WGPU] Unknown decoration Restrict
[WGPU] Unknown decoration Restrict
[WGPU] Unknown decoration RelaxedPrecision
[WGPU] Unknown decoration RelaxedPrecision
[WGPU] Unknown decoration RelaxedPrecision
[WGPU] Unknown decoration RelaxedPrecision
[WGPU] Unknown decoration Restrict
[WGPU] Unknown decoration RelaxedPrecision
[WGPU] Unknown decoration RelaxedPrecision
[WGPU] Unknown decoration RelaxedPrecision
[WGPU] Unknown decoration RelaxedPrecision
[WGPU] Unknown decoration RelaxedPrecision
[WGPU] Unknown decoration RelaxedPrecision
[WGPU] Unknown decoration Restrict
[WGPU] Unknown decoration Restrict
[WGPU] Unknown decoration RelaxedPrecision
[WGPU] Unknown decoration RelaxedPrecision
[WGPU] Unknown decoration RelaxedPrecision
[WGPU] Unknown decoration RelaxedPrecision
[WGPU] Unknown decoration RelaxedPrecision
[WGPU] Unknown decoration RelaxedPrecision
[WGPU] Unknown decoration RelaxedPrecision
[WGPU] Unknown decoration RelaxedPrecision
[WGPU] Unknown decoration RelaxedPrecision
[WGPU] Unknown decoration RelaxedPrecision
[WGPU] Unknown decoration Restrict
[WGPU] Unknown decoration RelaxedPrecision
[WGPU] Unknown decoration RelaxedPrecision
[WGPU] Unknown decoration Restrict
[WGPU] Unknown decoration RelaxedPrecision
[WGPU] Unknown decoration RelaxedPrecision
[WGPU] Unknown decoration RelaxedPrecision
[WGPU] Unknown decoration RelaxedPrecision
[WGPU] Unknown decoration RelaxedPrecision
[WGPU] Unknown decoration Restrict
[WGPU] Unknown decoration Restrict
[WGPU] Unknown decoration Restrict
[WGPU] Unknown decoration RelaxedPrecision
[WGPU] Unknown decoration RelaxedPrecision
[WGPU] Unknown decoration RelaxedPrecision
[WGPU] Unknown decoration RelaxedPrecision
[WGPU] Unknown decoration RelaxedPrecision
[WGPU] Unknown decoration RelaxedPrecision
[WGPU] Unknown decoration RelaxedPrecision
[WGPU] Unknown decoration RelaxedPrecision
[WGPU] Unknown decoration RelaxedPrecision
[WGPU] Unknown decoration RelaxedPrecision
[WGPU] Unknown decoration RelaxedPrecision
[WGPU] Unknown decoration RelaxedPrecision
[WGPU] Unknown decoration RelaxedPrecision
[WGPU] Unknown decoration RelaxedPrecision
[WGPU] Unknown decoration RelaxedPrecision
[WGPU] Unknown decoration RelaxedPrecision
[WGPU] Unknown decoration RelaxedPrecision
[WGPU] Unknown decoration RelaxedPrecision
[WGPU] Unknown decoration RelaxedPrecision
[WGPU] Unknown decoration RelaxedPrecision
[WGPU] Unknown decoration Restrict
[WGPU] Unknown decoration Restrict
[WGPU] Unknown decoration RelaxedPrecision
[WGPU] Unknown decoration RelaxedPrecision
[WGPU] Unknown decoration RelaxedPrecision
[WGPU] Unknown decoration RelaxedPrecision
[WGPU] Unknown decoration Restrict
[WGPU] Unknown decoration RelaxedPrecision
[WGPU] Unknown decoration RelaxedPrecision
[WGPU] Unknown decoration RelaxedPrecision
[WGPU] Unknown decoration RelaxedPrecision
[WGPU] Unknown decoration RelaxedPrecision
[WGPU] Unknown decoration RelaxedPrecision
[WGPU] Unknown decoration Restrict
[WGPU] Unknown decoration Restrict
[WGPU] Unknown decoration RelaxedPrecision
[WGPU] Unknown decoration RelaxedPrecision
[WGPU] Unknown decoration RelaxedPrecision
[WGPU] Unknown decoration RelaxedPrecision
[WGPU] Unknown decoration RelaxedPrecision
[WGPU] Unknown decoration RelaxedPrecision
[WGPU] Unknown decoration RelaxedPrecision
[WGPU] Unknown decoration Restrict
[WGPU] Unknown decoration Restrict
[WGPU] Unknown decoration Restrict
[WGPU] Unknown decoration Restrict
[WGPU] Unknown decoration RelaxedPrecision
[WGPU] Unknown decoration RelaxedPrecision
[WGPU] Unknown decoration RelaxedPrecision
[WGPU] Unknown decoration RelaxedPrecision
[WGPU] Unknown decoration RelaxedPrecision
[WGPU] Unknown decoration RelaxedPrecision
[WGPU] Unknown decoration RelaxedPrecision
[WGPU] Unknown decoration RelaxedPrecision
[WGPU] Unknown decoration RelaxedPrecision
[WGPU] Unknown decoration RelaxedPrecision
[WGPU] Unknown decoration Restrict
[WGPU] Unknown decoration Restrict
[WGPU] Unknown decoration RelaxedPrecision
[WGPU] Unknown decoration RelaxedPrecision
[WGPU] Unknown decoration RelaxedPrecision
[WGPU] Unknown decoration RelaxedPrecision
[WGPU] Unknown decoration RelaxedPrecision
[WGPU] Unknown decoration RelaxedPrecision
[WGPU] Unknown decoration RelaxedPrecision
[WGPU] Unknown decoration RelaxedPrecision
[WGPU] Unknown decoration RelaxedPrecision
[WGPU] Unknown decoration RelaxedPrecision
[WGPU] Unknown decoration RelaxedPrecision
[WGPU] Unknown decoration RelaxedPrecision
[WGPU] Unknown decoration RelaxedPrecision
[WGPU] Unknown decoration RelaxedPrecision
[WGPU] Unknown decoration RelaxedPrecision
[WGPU] Unknown decoration RelaxedPrecision
[WGPU] Unknown decoration RelaxedPrecision
[WGPU] Unknown decoration RelaxedPrecision
[WGPU] Unknown decoration Restrict
[WGPU] Unknown decoration Restrict
[WGPU] Unknown decoration RelaxedPrecision
[WGPU] Unknown decoration RelaxedPrecision
[WGPU] Unknown decoration RelaxedPrecision
[WGPU] Unknown decoration RelaxedPrecision
[WGPU] Unknown decoration Restrict
[WGPU] Unknown decoration RelaxedPrecision
[WGPU] Unknown decoration RelaxedPrecision
[WGPU] Unknown decoration RelaxedPrecision
[WGPU] Unknown decoration RelaxedPrecision
[WGPU] Unknown decoration RelaxedPrecision
[WGPU] Unknown decoration RelaxedPrecision
[WGPU] Unknown decoration Restrict
[WGPU] Unknown decoration Restrict
[WGPU] Unknown decoration RelaxedPrecision
[WGPU] Unknown decoration RelaxedPrecision
[WGPU] Unknown decoration RelaxedPrecision
[WGPU] Unknown decoration RelaxedPrecision
[WGPU] Unknown decoration RelaxedPrecision
[WGPU] Unknown decoration RelaxedPrecision
[WGPU] Unknown decoration RelaxedPrecision
[WGPU] Unknown decoration Restrict
[WGPU] Unknown decoration Restrict
[WGPU] Unknown decoration Restrict
[WGPU] Unknown decoration RelaxedPrecision
[WGPU] Unknown decoration RelaxedPrecision
[WGPU] Unknown decoration RelaxedPrecision
[WGPU] Unknown decoration RelaxedPrecision
[WGPU] Unknown decoration RelaxedPrecision
[WGPU] Unknown decoration RelaxedPrecision
[WGPU] Unknown decoration RelaxedPrecision
[WGPU] Unknown decoration RelaxedPrecision
[WGPU] Unknown decoration RelaxedPrecision
[WGPU] Unknown decoration RelaxedPrecision
[WGPU] Unknown decoration RelaxedPrecision
[WGPU] Unknown decoration RelaxedPrecision
[WGPU] Unknown decoration RelaxedPrecision
[WGPU] Unknown decoration RelaxedPrecision
[WGPU] Unknown decoration RelaxedPrecision
[WGPU] Unknown decoration RelaxedPrecision
[WGPU] Unknown decoration RelaxedPrecision
[WGPU] Unknown decoration RelaxedPrecision
[WGPU] Unknown decoration RelaxedPrecision
[WGPU] Unknown decoration RelaxedPrecision
[WGPU] Unknown decoration RelaxedPrecision
[WGPU] Unknown decoration RelaxedPrecision
[WGPU] Unknown decoration RelaxedPrecision
[WGPU] Unknown decoration RelaxedPrecision
[WGPU] Unknown decoration RelaxedPrecision
[WGPU] Unknown decoration RelaxedPrecision
[WGPU] Unknown decoration RelaxedPrecision
[WGPU] Unknown decoration RelaxedPrecision
[WGPU] Unknown decoration Restrict
[WGPU] Unknown decoration RelaxedPrecision
[WGPU] Unknown decoration RelaxedPrecision
[WGPU] Unknown decoration RelaxedPrecision
[WGPU] Unknown decoration RelaxedPrecision
[WGPU] Unknown decoration RelaxedPrecision
[WGPU] Unknown decoration RelaxedPrecision
[WGPU] Unknown decoration RelaxedPrecision
[WGPU] Unknown decoration RelaxedPrecision
[WGPU] Unknown decoration Restrict
[WGPU] Unknown decoration RelaxedPrecision
[WGPU] Unknown decoration RelaxedPrecision
[WGPU] Unknown decoration RelaxedPrecision
[WGPU] Unknown decoration RelaxedPrecision
[WGPU] Unknown decoration RelaxedPrecision
[WGPU] Unknown decoration RelaxedPrecision
[WGPU] Unknown decoration RelaxedPrecision
[WGPU] Unknown decoration RelaxedPrecision
[WGPU] Unknown decoration RelaxedPrecision
[WGPU] Unknown decoration RelaxedPrecision
[WGPU] Unknown decoration RelaxedPrecision
[WGPU] Unknown decoration RelaxedPrecision
[WGPU] Unknown decoration RelaxedPrecision
[WGPU] Unknown decoration RelaxedPrecision
[WGPU] Unknown decoration Restrict
[WGPU] Unknown decoration RelaxedPrecision
[WGPU] Unknown decoration RelaxedPrecision
[WGPU] Unknown decoration RelaxedPrecision
[WGPU] Unknown decoration RelaxedPrecision
[WGPU] Unknown decoration RelaxedPrecision
[WGPU] Unknown decoration RelaxedPrecision
[WGPU] Unknown decoration RelaxedPrecision
[WGPU] Unknown decoration Restrict
[WGPU] Unknown decoration Restrict
[WGPU] Unknown decoration RelaxedPrecision
[WGPU] Unknown decoration RelaxedPrecision
[WGPU] Unknown decoration RelaxedPrecision
[WGPU] Unknown decoration RelaxedPrecision
[WGPU] Unknown decoration RelaxedPrecision
[WGPU] Unknown decoration RelaxedPrecision
[WGPU] Unknown decoration RelaxedPrecision
[WGPU] Unknown decoration Restrict
[WGPU] Unknown decoration RelaxedPrecision
[WGPU] Unknown decoration RelaxedPrecision
[WGPU] Unknown decoration RelaxedPrecision
[WGPU] Unknown decoration RelaxedPrecision
[WGPU] Unknown decoration RelaxedPrecision
[WGPU] Unknown decoration RelaxedPrecision
[WGPU] Unknown decoration RelaxedPrecision
[WGPU] Unknown decoration RelaxedPrecision
[WGPU] Unknown decoration RelaxedPrecision
[WGPU] Unknown decoration RelaxedPrecision
[WGPU] Unknown decoration RelaxedPrecision
[WGPU] Unknown decoration RelaxedPrecision
[WGPU] Unknown decoration RelaxedPrecision
[WGPU] Unknown decoration RelaxedPrecision
[WGPU] Unknown decoration RelaxedPrecision
[WGPU] Unknown decoration RelaxedPrecision
[WGPU] Unknown decoration RelaxedPrecision
[WGPU] Unknown decoration RelaxedPrecision
[WGPU] Unknown decoration RelaxedPrecision
[WGPU] Unknown decoration RelaxedPrecision
[WGPU] Unknown decoration RelaxedPrecision
[WGPU] Unknown decoration RelaxedPrecision
[WGPU] Unknown decoration RelaxedPrecision
[WGPU] Unknown decoration RelaxedPrecision
[WGPU] Unknown decoration RelaxedPrecision
[WGPU] Unknown decoration RelaxedPrecision
[WGPU] Unknown decoration RelaxedPrecision
[WGPU] Unknown decoration RelaxedPrecision
[WGPU] Unknown decoration RelaxedPrecision
[WGPU] Unknown decoration RelaxedPrecision
[WGPU] Unknown decoration RelaxedPrecision
[WGPU] Unknown decoration RelaxedPrecision
[WGPU] Unknown decoration RelaxedPrecision
[WGPU] Unknown decoration RelaxedPrecision
[WGPU] Unknown decoration RelaxedPrecision
[WGPU] Unknown decoration RelaxedPrecision
[WGPU] Unknown decoration RelaxedPrecision
[WGPU] Unknown decoration RelaxedPrecision
[WGPU] Unknown decoration RelaxedPrecision
[WGPU] Unknown decoration Restrict
[WGPU] Unknown decoration Restrict
[WGPU] Unknown decoration Restrict
[WGPU] Unknown decoration Restrict
[WGPU] Unknown decoration RelaxedPrecision
[WGPU] Unknown decoration RelaxedPrecision
[WGPU] Unknown decoration RelaxedPrecision
[WGPU] Unknown decoration RelaxedPrecision
[WGPU] Unknown decoration RelaxedPrecision
[WGPU] Unknown decoration RelaxedPrecision
[WGPU] Unknown decoration RelaxedPrecision
[WGPU] Unknown decoration RelaxedPrecision
[WGPU] Unknown decoration RelaxedPrecision
[WGPU] Unknown decoration RelaxedPrecision
[WGPU] Unknown decoration Restrict
[WGPU] Unknown decoration Restrict
[WGPU] Unknown decoration RelaxedPrecision
[WGPU] Unknown decoration RelaxedPrecision
[WGPU] Unknown decoration RelaxedPrecision
[WGPU] Unknown decoration RelaxedPrecision
[WGPU] Unknown decoration RelaxedPrecision
[WGPU] Unknown decoration RelaxedPrecision
[WGPU] Unknown decoration RelaxedPrecision
[WGPU] Unknown decoration RelaxedPrecision
[WGPU] Unknown decoration RelaxedPrecision
[WGPU] Unknown decoration RelaxedPrecision
[WGPU] Unknown decoration RelaxedPrecision
[WGPU] Unknown decoration RelaxedPrecision
[WGPU] Unknown decoration RelaxedPrecision
[WGPU] Unknown decoration RelaxedPrecision
[WGPU] Unknown decoration RelaxedPrecision
[WGPU] Unknown decoration RelaxedPrecision
[WGPU] Unknown decoration RelaxedPrecision
[WGPU] Unknown decoration RelaxedPrecision
[WGPU] Unknown decoration Restrict
[WGPU] Unknown decoration Restrict
[WGPU] Unknown decoration RelaxedPrecision
[WGPU] Unknown decoration RelaxedPrecision
[WGPU] Unknown decoration RelaxedPrecision
[WGPU] Unknown decoration RelaxedPrecision
[WGPU] Unknown decoration Restrict
[WGPU] Unknown decoration RelaxedPrecision
[WGPU] Unknown decoration RelaxedPrecision
[WGPU] Unknown decoration RelaxedPrecision
[WGPU] Unknown decoration RelaxedPrecision
[WGPU] Unknown decoration RelaxedPrecision
[WGPU] Unknown decoration RelaxedPrecision
[WGPU] Unknown decoration Restrict
[WGPU] Unknown decoration Restrict
[WGPU] Unknown decoration RelaxedPrecision
[WGPU] Unknown decoration RelaxedPrecision
[WGPU] Unknown decoration RelaxedPrecision
[WGPU] Unknown decoration RelaxedPrecision
[WGPU] Unknown decoration RelaxedPrecision
[WGPU] Unknown decoration RelaxedPrecision
[WGPU] Unknown decoration RelaxedPrecision
[WGPU] Unknown decoration Restrict
[WGPU] Unknown decoration Restrict
[WGPU] Unknown decoration Restrict
[WGPU] Unknown decoration RelaxedPrecision
[WGPU] Unknown decoration RelaxedPrecision
[WGPU] Unknown decoration RelaxedPrecision
[WGPU] Unknown decoration RelaxedPrecision
[WGPU] Unknown decoration RelaxedPrecision
[WGPU] Unknown decoration RelaxedPrecision
[WGPU] Unknown decoration RelaxedPrecision
[WGPU] Unknown decoration RelaxedPrecision
[WGPU] Unknown decoration RelaxedPrecision
[WGPU] Unknown decoration RelaxedPrecision
[WGPU] Unknown decoration RelaxedPrecision
[WGPU] Unknown decoration RelaxedPrecision
[WGPU] Unknown decoration RelaxedPrecision
[WGPU] Unknown decoration RelaxedPrecision
[WGPU] Unknown decoration RelaxedPrecision
[WGPU] Unknown decoration RelaxedPrecision
[WGPU] Unknown decoration RelaxedPrecision
[WGPU] Unknown decoration RelaxedPrecision
[WGPU] Unknown decoration RelaxedPrecision
[WGPU] Unknown decoration RelaxedPrecision
[WGPU] Unknown decoration RelaxedPrecision
[WGPU] Unknown decoration RelaxedPrecision
[WGPU] Unknown decoration RelaxedPrecision
[WGPU] Unknown decoration RelaxedPrecision
[WGPU] Unknown decoration RelaxedPrecision
[WGPU] Unknown decoration RelaxedPrecision
[WGPU] Unknown decoration RelaxedPrecision
[WGPU] Unknown decoration RelaxedPrecision
[WGPU] Unknown decoration Restrict
[WGPU] Unknown decoration RelaxedPrecision
[WGPU] Unknown decoration RelaxedPrecision
[WGPU] Unknown decoration RelaxedPrecision
[WGPU] Unknown decoration RelaxedPrecision
[WGPU] Unknown decoration RelaxedPrecision
[WGPU] Unknown decoration RelaxedPrecision
[WGPU] Unknown decoration RelaxedPrecision
[WGPU] Unknown decoration RelaxedPrecision
[WGPU] Unknown decoration Restrict
[WGPU] Unknown decoration RelaxedPrecision
[WGPU] Unknown decoration RelaxedPrecision
[WGPU] Unknown decoration RelaxedPrecision
[WGPU] Unknown decoration RelaxedPrecision
[WGPU] Unknown decoration RelaxedPrecision
[WGPU] Unknown decoration RelaxedPrecision
[WGPU] Unknown decoration RelaxedPrecision
[WGPU] Unknown decoration RelaxedPrecision
[WGPU] Unknown decoration RelaxedPrecision
[WGPU] Unknown decoration RelaxedPrecision
[WGPU] Unknown decoration RelaxedPrecision
[WGPU] Unknown decoration RelaxedPrecision
[WGPU] Unknown decoration RelaxedPrecision
[WGPU] Unknown decoration RelaxedPrecision
[WGPU] Unknown decoration Restrict
[WGPU] Unknown decoration RelaxedPrecision
[WGPU] Unknown decoration RelaxedPrecision
[WGPU] Unknown decoration RelaxedPrecision
[WGPU] Unknown decoration RelaxedPrecision
[WGPU] Unknown decoration RelaxedPrecision
[WGPU] Unknown decoration RelaxedPrecision
[WGPU] Unknown decoration RelaxedPrecision
[WGPU] Unknown decoration Restrict
[WGPU] Unknown decoration Restrict
[WGPU] Unknown decoration RelaxedPrecision
[WGPU] Unknown decoration RelaxedPrecision
[WGPU] Unknown decoration RelaxedPrecision
[WGPU] Unknown decoration RelaxedPrecision
[WGPU] Unknown decoration RelaxedPrecision
[WGPU] Unknown decoration RelaxedPrecision
[WGPU] Unknown decoration RelaxedPrecision
[WGPU] Unknown decoration Restrict
[WGPU] Unknown decoration RelaxedPrecision
[WGPU] Unknown decoration RelaxedPrecision
[WGPU] Unknown decoration RelaxedPrecision
[WGPU] Unknown decoration RelaxedPrecision
[WGPU] Unknown decoration RelaxedPrecision
[WGPU] Unknown decoration RelaxedPrecision
[WGPU] Unknown decoration RelaxedPrecision
[WGPU] Unknown decoration RelaxedPrecision
[WGPU] Unknown decoration RelaxedPrecision
[WGPU] Unknown decoration RelaxedPrecision
[WGPU] Unknown decoration RelaxedPrecision
[WGPU] Unknown decoration RelaxedPrecision
[WGPU] Unknown decoration RelaxedPrecision
[WGPU] Unknown decoration RelaxedPrecision
[WGPU] Unknown decoration RelaxedPrecision
[WGPU] Unknown decoration RelaxedPrecision
[WGPU] Unknown decoration RelaxedPrecision
[WGPU] Unknown decoration RelaxedPrecision
[WGPU] Unknown decoration RelaxedPrecision
[WGPU] Unknown decoration RelaxedPrecision
[WGPU] Unknown decoration RelaxedPrecision
[WGPU] Unknown decoration RelaxedPrecision
[WGPU] Unknown decoration RelaxedPrecision
[WGPU] Unknown decoration RelaxedPrecision
[WGPU] Unknown decoration RelaxedPrecision
[WGPU] Unknown decoration RelaxedPrecision
[WGPU] Unknown decoration RelaxedPrecision
[WGPU] Unknown decoration RelaxedPrecision
[WGPU] Unknown decoration RelaxedPrecision
[WGPU] Unknown decoration RelaxedPrecision
[WGPU] Unknown decoration RelaxedPrecision
[WGPU] Unknown decoration RelaxedPrecision
[WGPU] Unknown decoration RelaxedPrecision
[WGPU] Unknown decoration RelaxedPrecision
[WGPU] Unknown decoration RelaxedPrecision
[WGPU] Unknown decoration RelaxedPrecision
[WGPU] Unknown decoration RelaxedPrecision
[WGPU] Unknown decoration RelaxedPrecision
[WGPU] Unknown decoration RelaxedPrecision
[WGPU] Unknown decoration Restrict
[WGPU] Unknown decoration Restrict
[WGPU] Unknown decoration Restrict
[WGPU] Unknown decoration Restrict
Shader 'Fsr2DepthClipPassShaderRD' (group 0) SHA256: 19750b34a3de88b5b0f3461184aa4d1964308d034169c7f7ef3d80edcf1e17d9
Shader 'Fsr2ReconstructPreviousDepthPassShaderRD' (group 0) SHA256: 99d5fc4a7a6efa604d860dc09740b12616ced82d764082edb66a3c31e1ce5d31
Shader 'Fsr2LockPassShaderRD' (group 0) SHA256: 336c83a47ff6b8ad46a59612fb49eb9aadb6bd31a25303b513d972f500d51aa0
Shader 'Fsr2AccumulatePassShaderRD' (group 0) SHA256: 2f9183b564bcf95d26a878796acdbae2b3db24e8ca8b885888392693f7d6d3c2
Shader 'Fsr2RcasPassShaderRD' (group 0) SHA256: 54728f664ab18b168e0611d7feed9490cfc790805b3c644514d0f60f2189f007
Shader 'Fsr2ComputeLuminancePyramidPassShaderRD' (group 0) SHA256: b5fadf1c734463a0ff583a245e7415e3a0a87690af8d90b283cba906dea7a445
Shader 'Fsr2AutogenReactivePassShaderRD' (group 0) SHA256: ef6e01497edbf760480ba176ea760acb3e634c92ef7f2e12ac6105eaa0425e48
Shader 'Fsr2TcrAutogenPassShaderRD' (group 0) SHA256: 442d7c156e5293e57409ade76fe82516290b97caaef4a7eb2689dba5236f08cf
Shader 'SsEffectsDownsampleShaderRD' (group 0) SHA256: a87e683717003fc3c7db94a425095f5cca909a9250a1aa0e4a35958f60e744f7
Shader 'SsilShaderRD' (group 0) SHA256: 768cefe78f6ea446d24eb7f4995f0d18b1df66b467ce189119c353fa3325b307
Shader 'SsilImportanceMapShaderRD' (group 0) SHA256: bc05142d441ebdf07a2e44d35260d3b86936a93d1ce756e34842dccfb004f1ee
Shader 'SsilBlurShaderRD' (group 0) SHA256: 342ebc86a3702b01e563bdc6718b915736c414fd7d58d0e96a783cade5192eba
Shader 'SsilInterleaveShaderRD' (group 0) SHA256: 543891cb60c533ad1f3983e92f9a30dc6cd8be66c4044bf2076aabbf3f746667
Shader 'SsaoShaderRD' (group 0) SHA256: 256b2e43cd9b77d025ae207db26b8ec752e3e84ed5682ce122f1ac7e3e8815f9
[WGPU] Unknown decoration Restrict
[WGPU] Unknown decoration Restrict
